/BEGIN_MST_SPECIAL_DATA/
/MATERIAL INFO/
1 6E11 1E3 1150 0.6
1 1.9E11 1E3 7500 0.3
##
/SECTION PROPERTIES/
20 1 0.0013
7  1 2E-4 0 0.00 0.00 0.00 0.00 0.00 0.00 0.00 0.00 0 0
##
/PRESTRESS/
1 1 200000 200000 1 0 0 0 1 0
2 0 0 60000
##
/SOLVESTEP SETTINGS/
/STEP/
0
1
/STEP_END/
##
/NODECORD2/
1  0.0000000000  0.0000000000  0.0000000000  0  2 
2  0.5000000000  0.0000000000  0.4166666667  0  2 
3  1.0000000000  0.0000000000  0.8333333333  0  2 
4  1.5000000000  0.0000000000  1.2500000000  0  2 
5  2.0000000000  0.0000000000  1.6666666667  0  2 
6  2.5000000000  0.0000000000  2.0833333333  0  2 
7  3.0000000000  0.0000000000  2.5000000000  0  2 
8  3.5000000000  0.0000000000  2.9166666667  0  2 
9  4.0000000000  0.0000000000  3.3333333333  0  2 
10  4.5000000000  0.0000000000  3.7500000000  0  2 
11  5.0000000000  0.0000000000  4.1666666667  0  2 
12  5.5000000000  0.0000000000  4.5833333333  0  2 
13  6.0000000000  0.0000000000  5.0000000000  0  2 
14  0.0000000000  0.5000000000  0.4166666667  0  2 
15  0.5000000000  0.5000000000  0.8333333333  0  2 
16  1.0000000000  0.5000000000  1.2500000000  0  2 
17  1.5000000000  0.5000000000  1.6666666667  0  2 
18  2.0000000000  0.5000000000  2.0833333333  0  2 
19  2.5000000000  0.5000000000  2.5000000000  0  2 
20  3.0000000000  0.5000000000  2.9166666667  0  2 
21  3.5000000000  0.5000000000  3.3333333333  0  2 
22  4.0000000000  0.5000000000  3.7500000000  0  2 
23  4.5000000000  0.5000000000  4.1666666667  0  2 
24  5.0000000000  0.5000000000  4.5833333333  0  2 
25  5.5000000000  0.5000000000  5.0000000000  0  2 
26  6.0000000000  0.5000000000  4.5833333333  0  2 
27  0.0000000000  1.0000000000  0.8333333333  0  2 
28  0.5000000000  1.0000000000  1.2500000000  0  2 
29  1.0000000000  1.0000000000  1.6666666667  0  2 
30  1.5000000000  1.0000000000  2.0833333333  0  2 
31  2.0000000000  1.0000000000  2.5000000000  0  2 
32  2.5000000000  1.0000000000  2.9166666667  0  2 
33  3.0000000000  1.0000000000  3.3333333333  0  2 
34  3.5000000000  1.0000000000  3.7500000000  0  2 
35  4.0000000000  1.0000000000  4.1666666667  0  2 
36  4.5000000000  1.0000000000  4.5833333333  0  2 
37  5.0000000000  1.0000000000  5.0000000000  0  2 
38  5.5000000000  1.0000000000  4.5833333333  0  2 
39  6.0000000000  1.0000000000  4.1666666667  0  2 
40  0.0000000000  1.5000000000  1.2500000000  0  2 
41  0.5000000000  1.5000000000  1.6666666667  0  2 
42  1.0000000000  1.5000000000  2.0833333333  0  2 
43  1.5000000000  1.5000000000  2.5000000000  0  2 
44  2.0000000000  1.5000000000  2.9166666667  0  2 
45  2.5000000000  1.5000000000  3.3333333333  0  2 
46  3.0000000000  1.5000000000  3.7500000000  0  2 
47  3.5000000000  1.5000000000  4.1666666667  0  2 
48  4.0000000000  1.5000000000  4.5833333333  0  2 
49  4.5000000000  1.5000000000  5.0000000000  0  2 
50  5.0000000000  1.5000000000  4.5833333333  0  2 
51  5.5000000000  1.5000000000  4.1666666667  0  2 
52  6.0000000000  1.5000000000  3.7500000000  0  2 
53  0.0000000000  2.0000000000  1.6666666667  0  2 
54  0.5000000000  2.0000000000  2.0833333333  0  2 
55  1.0000000000  2.0000000000  2.5000000000  0  2 
56  1.5000000000  2.0000000000  2.9166666667  0  2 
57  2.0000000000  2.0000000000  3.3333333333  0  2 
58  2.5000000000  2.0000000000  3.7500000000  0  2 
59  3.0000000000  2.0000000000  4.1666666667  0  2 
60  3.5000000000  2.0000000000  4.5833333333  0  2 
61  4.0000000000  2.0000000000  5.0000000000  0  2 
62  4.5000000000  2.0000000000  4.5833333333  0  2 
63  5.0000000000  2.0000000000  4.1666666667  0  2 
64  5.5000000000  2.0000000000  3.7500000000  0  2 
65  6.0000000000  2.0000000000  3.3333333333  0  2 
66  0.0000000000  2.5000000000  2.0833333333  0  2 
67  0.5000000000  2.5000000000  2.5000000000  0  2 
68  1.0000000000  2.5000000000  2.9166666667  0  2 
69  1.5000000000  2.5000000000  3.3333333333  0  2 
70  2.0000000000  2.5000000000  3.7500000000  0  2 
71  2.5000000000  2.5000000000  4.1666666667  0  2 
72  3.0000000000  2.5000000000  4.5833333333  0  2 
73  3.5000000000  2.5000000000  5.0000000000  0  2 
74  4.0000000000  2.5000000000  4.5833333333  0  2 
75  4.5000000000  2.5000000000  4.1666666667  0  2 
76  5.0000000000  2.5000000000  3.7500000000  0  2 
77  5.5000000000  2.5000000000  3.3333333333  0  2 
78  6.0000000000  2.5000000000  2.9166666667  0  2 
79  0.0000000000  3.0000000000  2.5000000000  0  2 
80  0.5000000000  3.0000000000  2.9166666667  0  2 
81  1.0000000000  3.0000000000  3.3333333333  0  2 
82  1.5000000000  3.0000000000  3.7500000000  0  2 
83  2.0000000000  3.0000000000  4.1666666667  0  2 
84  2.5000000000  3.0000000000  4.5833333333  0  2 
85  3.0000000000  3.0000000000  5.0000000000  0  2 
86  3.5000000000  3.0000000000  4.5833333333  0  2 
87  4.0000000000  3.0000000000  4.1666666667  0  2 
88  4.5000000000  3.0000000000  3.7500000000  0  2 
89  5.0000000000  3.0000000000  3.3333333333  0  2 
90  5.5000000000  3.0000000000  2.9166666667  0  2 
91  6.0000000000  3.0000000000  2.5000000000  0  2 
92  0.0000000000  3.5000000000  2.9166666667  0  2 
93  0.5000000000  3.5000000000  3.3333333333  0  2 
94  1.0000000000  3.5000000000  3.7500000000  0  2 
95  1.5000000000  3.5000000000  4.1666666667  0  2 
96  2.0000000000  3.5000000000  4.5833333333  0  2 
97  2.5000000000  3.5000000000  5.0000000000  0  2 
98  3.0000000000  3.5000000000  4.5833333333  0  2 
99  3.5000000000  3.5000000000  4.1666666667  0  2 
100  4.0000000000  3.5000000000  3.7500000000  0  2 
101  4.5000000000  3.5000000000  3.3333333333  0  2 
102  5.0000000000  3.5000000000  2.9166666667  0  2 
103  5.5000000000  3.5000000000  2.5000000000  0  2 
104  6.0000000000  3.5000000000  2.0833333333  0  2 
105  0.0000000000  4.0000000000  3.3333333333  0  2 
106  0.5000000000  4.0000000000  3.7500000000  0  2 
107  1.0000000000  4.0000000000  4.1666666667  0  2 
108  1.5000000000  4.0000000000  4.5833333333  0  2 
109  2.0000000000  4.0000000000  5.0000000000  0  2 
110  2.5000000000  4.0000000000  4.5833333333  0  2 
111  3.0000000000  4.0000000000  4.1666666667  0  2 
112  3.5000000000  4.0000000000  3.7500000000  0  2 
113  4.0000000000  4.0000000000  3.3333333333  0  2 
114  4.5000000000  4.0000000000  2.9166666667  0  2 
115  5.0000000000  4.0000000000  2.5000000000  0  2 
116  5.5000000000  4.0000000000  2.0833333333  0  2 
117  6.0000000000  4.0000000000  1.6666666667  0  2 
118  0.0000000000  4.5000000000  3.7500000000  0  2 
119  0.5000000000  4.5000000000  4.1666666667  0  2 
120  1.0000000000  4.5000000000  4.5833333333  0  2 
121  1.5000000000  4.5000000000  5.0000000000  0  2 
122  2.0000000000  4.5000000000  4.5833333333  0  2 
123  2.5000000000  4.5000000000  4.1666666667  0  2 
124  3.0000000000  4.5000000000  3.7500000000  0  2 
125  3.5000000000  4.5000000000  3.3333333333  0  2 
126  4.0000000000  4.5000000000  2.9166666667  0  2 
127  4.5000000000  4.5000000000  2.5000000000  0  2 
128  5.0000000000  4.5000000000  2.0833333333  0  2 
129  5.5000000000  4.5000000000  1.6666666667  0  2 
130  6.0000000000  4.5000000000  1.2500000000  0  2 
131  0.0000000000  5.0000000000  4.1666666667  0  2 
132  0.5000000000  5.0000000000  4.5833333333  0  2 
133  1.0000000000  5.0000000000  5.0000000000  0  2 
134  1.5000000000  5.0000000000  4.5833333333  0  2 
135  2.0000000000  5.0000000000  4.1666666667  0  2 
136  2.5000000000  5.0000000000  3.7500000000  0  2 
137  3.0000000000  5.0000000000  3.3333333333  0  2 
138  3.5000000000  5.0000000000  2.9166666667  0  2 
139  4.0000000000  5.0000000000  2.5000000000  0  2 
140  4.5000000000  5.0000000000  2.0833333333  0  2 
141  5.0000000000  5.0000000000  1.6666666667  0  2 
142  5.5000000000  5.0000000000  1.2500000000  0  2 
143  6.0000000000  5.0000000000  0.8333333333  0  2 
144  0.0000000000  5.5000000000  4.5833333333  0  2 
145  0.5000000000  5.5000000000  5.0000000000  0  2 
146  1.0000000000  5.5000000000  4.5833333333  0  2 
147  1.5000000000  5.5000000000  4.1666666667  0  2 
148  2.0000000000  5.5000000000  3.7500000000  0  2 
149  2.5000000000  5.5000000000  3.3333333333  0  2 
150  3.0000000000  5.5000000000  2.9166666667  0  2 
151  3.5000000000  5.5000000000  2.5000000000  0  2 
152  4.0000000000  5.5000000000  2.0833333333  0  2 
153  4.5000000000  5.5000000000  1.6666666667  0  2 
154  5.0000000000  5.5000000000  1.2500000000  0  2 
155  5.5000000000  5.5000000000  0.8333333333  0  2 
156  6.0000000000  5.5000000000  0.4166666667  0  2 
157  0.0000000000  6.0000000000  5.0000000000  0  2 
158  0.5000000000  6.0000000000  4.5833333333  0  2 
159  1.0000000000  6.0000000000  4.1666666667  0  2 
160  1.5000000000  6.0000000000  3.7500000000  0  2 
161  2.0000000000  6.0000000000  3.3333333333  0  2 
162  2.5000000000  6.0000000000  2.9166666667  0  2 
163  3.0000000000  6.0000000000  2.5000000000  0  2 
164  3.5000000000  6.0000000000  2.0833333333  0  2 
165  4.0000000000  6.0000000000  1.6666666667  0  2 
166  4.5000000000  6.0000000000  1.2500000000  0  2 
167  5.0000000000  6.0000000000  0.8333333333  0  2 
168  5.5000000000  6.0000000000  0.4166666667  0  2 
169  6.0000000000  6.0000000000  0.0000000000  0  2 
170  0.2500000000  0.2500000000  0.4166666667  0  2 
171  0.7500000000  0.2500000000  0.8333333333  0  2 
172  1.2500000000  0.2500000000  1.2500000000  0  2 
173  1.7500000000  0.2500000000  1.6666666667  0  2 
174  2.2500000000  0.2500000000  2.0833333333  0  2 
175  2.7500000000  0.2500000000  2.5000000000  0  2 
176  3.2500000000  0.2500000000  2.9166666667  0  2 
177  3.7500000000  0.2500000000  3.3333333333  0  2 
178  4.2500000000  0.2500000000  3.7500000000  0  2 
179  4.7500000000  0.2500000000  4.1666666667  0  2 
180  5.2500000000  0.2500000000  4.5833333333  0  2 
181  5.7500000000  0.2500000000  5.0000000000  0  2 
182  0.2500000000  0.7500000000  0.8333333333  0  2 
183  0.7500000000  0.7500000000  1.2500000000  0  2 
184  1.2500000000  0.7500000000  1.6666666667  0  2 
185  1.7500000000  0.7500000000  2.0833333333  0  2 
186  2.2500000000  0.7500000000  2.5000000000  0  2 
187  2.7500000000  0.7500000000  2.9166666667  0  2 
188  3.2500000000  0.7500000000  3.3333333333  0  2 
189  3.7500000000  0.7500000000  3.7500000000  0  2 
190  4.2500000000  0.7500000000  4.1666666667  0  2 
191  4.7500000000  0.7500000000  4.5833333333  0  2 
192  5.2500000000  0.7500000000  5.0000000000  0  2 
193  5.7500000000  0.7500000000  4.5833333333  0  2 
194  0.2500000000  1.2500000000  1.2500000000  0  2 
195  0.7500000000  1.2500000000  1.6666666667  0  2 
196  1.2500000000  1.2500000000  2.0833333333  0  2 
197  1.7500000000  1.2500000000  2.5000000000  0  2 
198  2.2500000000  1.2500000000  2.9166666667  0  2 
199  2.7500000000  1.2500000000  3.3333333333  0  2 
200  3.2500000000  1.2500000000  3.7500000000  0  2 
201  3.7500000000  1.2500000000  4.1666666667  0  2 
202  4.2500000000  1.2500000000  4.5833333333  0  2 
203  4.7500000000  1.2500000000  5.0000000000  0  2 
204  5.2500000000  1.2500000000  4.5833333333  0  2 
205  5.7500000000  1.2500000000  4.1666666667  0  2 
206  0.2500000000  1.7500000000  1.6666666667  0  2 
207  0.7500000000  1.7500000000  2.0833333333  0  2 
208  1.2500000000  1.7500000000  2.5000000000  0  2 
209  1.7500000000  1.7500000000  2.9166666667  0  2 
210  2.2500000000  1.7500000000  3.3333333333  0  2 
211  2.7500000000  1.7500000000  3.7500000000  0  2 
212  3.2500000000  1.7500000000  4.1666666667  0  2 
213  3.7500000000  1.7500000000  4.5833333333  0  2 
214  4.2500000000  1.7500000000  5.0000000000  0  2 
215  4.7500000000  1.7500000000  4.5833333333  0  2 
216  5.2500000000  1.7500000000  4.1666666667  0  2 
217  5.7500000000  1.7500000000  3.7500000000  0  2 
218  0.2500000000  2.2500000000  2.0833333333  0  2 
219  0.7500000000  2.2500000000  2.5000000000  0  2 
220  1.2500000000  2.2500000000  2.9166666667  0  2 
221  1.7500000000  2.2500000000  3.3333333333  0  2 
222  2.2500000000  2.2500000000  3.7500000000  0  2 
223  2.7500000000  2.2500000000  4.1666666667  0  2 
224  3.2500000000  2.2500000000  4.5833333333  0  2 
225  3.7500000000  2.2500000000  5.0000000000  0  2 
226  4.2500000000  2.2500000000  4.5833333333  0  2 
227  4.7500000000  2.2500000000  4.1666666667  0  2 
228  5.2500000000  2.2500000000  3.7500000000  0  2 
229  5.7500000000  2.2500000000  3.3333333333  0  2 
230  0.2500000000  2.7500000000  2.5000000000  0  2 
231  0.7500000000  2.7500000000  2.9166666667  0  2 
232  1.2500000000  2.7500000000  3.3333333333  0  2 
233  1.7500000000  2.7500000000  3.7500000000  0  2 
234  2.2500000000  2.7500000000  4.1666666667  0  2 
235  2.7500000000  2.7500000000  4.5833333333  0  2 
236  3.2500000000  2.7500000000  5.0000000000  0  2 
237  3.7500000000  2.7500000000  4.5833333333  0  2 
238  4.2500000000  2.7500000000  4.1666666667  0  2 
239  4.7500000000  2.7500000000  3.7500000000  0  2 
240  5.2500000000  2.7500000000  3.3333333333  0  2 
241  5.7500000000  2.7500000000  2.9166666667  0  2 
242  0.2500000000  3.2500000000  2.9166666667  0  2 
243  0.7500000000  3.2500000000  3.3333333333  0  2 
244  1.2500000000  3.2500000000  3.7500000000  0  2 
245  1.7500000000  3.2500000000  4.1666666667  0  2 
246  2.2500000000  3.2500000000  4.5833333333  0  2 
247  2.7500000000  3.2500000000  5.0000000000  0  2 
248  3.2500000000  3.2500000000  4.5833333333  0  2 
249  3.7500000000  3.2500000000  4.1666666667  0  2 
250  4.2500000000  3.2500000000  3.7500000000  0  2 
251  4.7500000000  3.2500000000  3.3333333333  0  2 
252  5.2500000000  3.2500000000  2.9166666667  0  2 
253  5.7500000000  3.2500000000  2.5000000000  0  2 
254  0.2500000000  3.7500000000  3.3333333333  0  2 
255  0.7500000000  3.7500000000  3.7500000000  0  2 
256  1.2500000000  3.7500000000  4.1666666667  0  2 
257  1.7500000000  3.7500000000  4.5833333333  0  2 
258  2.2500000000  3.7500000000  5.0000000000  0  2 
259  2.7500000000  3.7500000000  4.5833333333  0  2 
260  3.2500000000  3.7500000000  4.1666666667  0  2 
261  3.7500000000  3.7500000000  3.7500000000  0  2 
262  4.2500000000  3.7500000000  3.3333333333  0  2 
263  4.7500000000  3.7500000000  2.9166666667  0  2 
264  5.2500000000  3.7500000000  2.5000000000  0  2 
265  5.7500000000  3.7500000000  2.0833333333  0  2 
266  0.2500000000  4.2500000000  3.7500000000  0  2 
267  0.7500000000  4.2500000000  4.1666666667  0  2 
268  1.2500000000  4.2500000000  4.5833333333  0  2 
269  1.7500000000  4.2500000000  5.0000000000  0  2 
270  2.2500000000  4.2500000000  4.5833333333  0  2 
271  2.7500000000  4.2500000000  4.1666666667  0  2 
272  3.2500000000  4.2500000000  3.7500000000  0  2 
273  3.7500000000  4.2500000000  3.3333333333  0  2 
274  4.2500000000  4.2500000000  2.9166666667  0  2 
275  4.7500000000  4.2500000000  2.5000000000  0  2 
276  5.2500000000  4.2500000000  2.0833333333  0  2 
277  5.7500000000  4.2500000000  1.6666666667  0  2 
278  0.2500000000  4.7500000000  4.1666666667  0  2 
279  0.7500000000  4.7500000000  4.5833333333  0  2 
280  1.2500000000  4.7500000000  5.0000000000  0  2 
281  1.7500000000  4.7500000000  4.5833333333  0  2 
282  2.2500000000  4.7500000000  4.1666666667  0  2 
283  2.7500000000  4.7500000000  3.7500000000  0  2 
284  3.2500000000  4.7500000000  3.3333333333  0  2 
285  3.7500000000  4.7500000000  2.9166666667  0  2 
286  4.2500000000  4.7500000000  2.5000000000  0  2 
287  4.7500000000  4.7500000000  2.0833333333  0  2 
288  5.2500000000  4.7500000000  1.6666666667  0  2 
289  5.7500000000  4.7500000000  1.2500000000  0  2 
290  0.2500000000  5.2500000000  4.5833333333  0  2 
291  0.7500000000  5.2500000000  5.0000000000  0  2 
292  1.2500000000  5.2500000000  4.5833333333  0  2 
293  1.7500000000  5.2500000000  4.1666666667  0  2 
294  2.2500000000  5.2500000000  3.7500000000  0  2 
295  2.7500000000  5.2500000000  3.3333333333  0  2 
296  3.2500000000  5.2500000000  2.9166666667  0  2 
297  3.7500000000  5.2500000000  2.5000000000  0  2 
298  4.2500000000  5.2500000000  2.0833333333  0  2 
299  4.7500000000  5.2500000000  1.6666666667  0  2 
300  5.2500000000  5.2500000000  1.2500000000  0  2 
301  5.7500000000  5.2500000000  0.8333333333  0  2 
302  0.2500000000  5.7500000000  5.0000000000  0  2 
303  0.7500000000  5.7500000000  4.5833333333  0  2 
304  1.2500000000  5.7500000000  4.1666666667  0  2 
305  1.7500000000  5.7500000000  3.7500000000  0  2 
306  2.2500000000  5.7500000000  3.3333333333  0  2 
307  2.7500000000  5.7500000000  2.9166666667  0  2 
308  3.2500000000  5.7500000000  2.5000000000  0  2 
309  3.7500000000  5.7500000000  2.0833333333  0  2 
310  4.2500000000  5.7500000000  1.6666666667  0  2 
311  4.7500000000  5.7500000000  1.2500000000  0  2 
312  5.2500000000  5.7500000000  0.8333333333  0  2 
313  5.7500000000  5.7500000000  0.4166666667  0  2 
##
/MEM_ELEMS_7/
1  1  1  2  170  1  1  1 
2  2  2  170  15  1  1  1 
3  3  170  14  15  1  1  1 
4  4  1  170  14  1  1  1 
5  5  2  3  171  1  1  1 
6  6  3  171  16  1  1  1 
7  7  171  15  16  1  1  1 
8  8  2  171  15  1  1  1 
9  9  3  4  172  1  1  1 
10  10  4  172  17  1  1  1 
11  11  172  16  17  1  1  1 
12  12  3  172  16  1  1  1 
13  13  4  5  173  1  1  1 
14  14  5  173  18  1  1  1 
15  15  173  17  18  1  1  1 
16  16  4  173  17  1  1  1 
17  17  5  6  174  1  1  1 
18  18  6  174  19  1  1  1 
19  19  174  18  19  1  1  1 
20  20  5  174  18  1  1  1 
21  21  6  7  175  1  1  1 
22  22  7  175  20  1  1  1 
23  23  175  19  20  1  1  1 
24  24  6  175  19  1  1  1 
25  25  7  8  176  1  1  1 
26  26  8  176  21  1  1  1 
27  27  176  20  21  1  1  1 
28  28  7  176  20  1  1  1 
29  29  8  9  177  1  1  1 
30  30  9  177  22  1  1  1 
31  31  177  21  22  1  1  1 
32  32  8  177  21  1  1  1 
33  33  9  10  178  1  1  1 
34  34  10  178  23  1  1  1 
35  35  178  22  23  1  1  1 
36  36  9  178  22  1  1  1 
37  37  10  11  179  1  1  1 
38  38  11  179  24  1  1  1 
39  39  179  23  24  1  1  1 
40  40  10  179  23  1  1  1 
41  41  11  12  180  1  1  1 
42  42  12  180  25  1  1  1 
43  43  180  24  25  1  1  1 
44  44  11  180  24  1  1  1 
45  45  12  13  181  1  1  1 
46  46  13  181  26  1  1  1 
47  47  181  25  26  1  1  1 
48  48  12  181  25  1  1  1 
49  49  14  15  182  1  1  1 
50  50  15  182  28  1  1  1 
51  51  182  27  28  1  1  1 
52  52  14  182  27  1  1  1 
53  53  15  16  183  1  1  1 
54  54  16  183  29  1  1  1 
55  55  183  28  29  1  1  1 
56  56  15  183  28  1  1  1 
57  57  16  17  184  1  1  1 
58  58  17  184  30  1  1  1 
59  59  184  29  30  1  1  1 
60  60  16  184  29  1  1  1 
61  61  17  18  185  1  1  1 
62  62  18  185  31  1  1  1 
63  63  185  30  31  1  1  1 
64  64  17  185  30  1  1  1 
65  65  18  19  186  1  1  1 
66  66  19  186  32  1  1  1 
67  67  186  31  32  1  1  1 
68  68  18  186  31  1  1  1 
69  69  19  20  187  1  1  1 
70  70  20  187  33  1  1  1 
71  71  187  32  33  1  1  1 
72  72  19  187  32  1  1  1 
73  73  20  21  188  1  1  1 
74  74  21  188  34  1  1  1 
75  75  188  33  34  1  1  1 
76  76  20  188  33  1  1  1 
77  77  21  22  189  1  1  1 
78  78  22  189  35  1  1  1 
79  79  189  34  35  1  1  1 
80  80  21  189  34  1  1  1 
81  81  22  23  190  1  1  1 
82  82  23  190  36  1  1  1 
83  83  190  35  36  1  1  1 
84  84  22  190  35  1  1  1 
85  85  23  24  191  1  1  1 
86  86  24  191  37  1  1  1 
87  87  191  36  37  1  1  1 
88  88  23  191  36  1  1  1 
89  89  24  25  192  1  1  1 
90  90  25  192  38  1  1  1 
91  91  192  37  38  1  1  1 
92  92  24  192  37  1  1  1 
93  93  25  26  193  1  1  1 
94  94  26  193  39  1  1  1 
95  95  193  38  39  1  1  1 
96  96  25  193  38  1  1  1 
97  97  27  28  194  1  1  1 
98  98  28  194  41  1  1  1 
99  99  194  40  41  1  1  1 
100  100  27  194  40  1  1  1 
101  101  28  29  195  1  1  1 
102  102  29  195  42  1  1  1 
103  103  195  41  42  1  1  1 
104  104  28  195  41  1  1  1 
105  105  29  30  196  1  1  1 
106  106  30  196  43  1  1  1 
107  107  196  42  43  1  1  1 
108  108  29  196  42  1  1  1 
109  109  30  31  197  1  1  1 
110  110  31  197  44  1  1  1 
111  111  197  43  44  1  1  1 
112  112  30  197  43  1  1  1 
113  113  31  32  198  1  1  1 
114  114  32  198  45  1  1  1 
115  115  198  44  45  1  1  1 
116  116  31  198  44  1  1  1 
117  117  32  33  199  1  1  1 
118  118  33  199  46  1  1  1 
119  119  199  45  46  1  1  1 
120  120  32  199  45  1  1  1 
121  121  33  34  200  1  1  1 
122  122  34  200  47  1  1  1 
123  123  200  46  47  1  1  1 
124  124  33  200  46  1  1  1 
125  125  34  35  201  1  1  1 
126  126  35  201  48  1  1  1 
127  127  201  47  48  1  1  1 
128  128  34  201  47  1  1  1 
129  129  35  36  202  1  1  1 
130  130  36  202  49  1  1  1 
131  131  202  48  49  1  1  1 
132  132  35  202  48  1  1  1 
133  133  36  37  203  1  1  1 
134  134  37  203  50  1  1  1 
135  135  203  49  50  1  1  1 
136  136  36  203  49  1  1  1 
137  137  37  38  204  1  1  1 
138  138  38  204  51  1  1  1 
139  139  204  50  51  1  1  1 
140  140  37  204  50  1  1  1 
141  141  38  39  205  1  1  1 
142  142  39  205  52  1  1  1 
143  143  205  51  52  1  1  1 
144  144  38  205  51  1  1  1 
145  145  40  41  206  1  1  1 
146  146  41  206  54  1  1  1 
147  147  206  53  54  1  1  1 
148  148  40  206  53  1  1  1 
149  149  41  42  207  1  1  1 
150  150  42  207  55  1  1  1 
151  151  207  54  55  1  1  1 
152  152  41  207  54  1  1  1 
153  153  42  43  208  1  1  1 
154  154  43  208  56  1  1  1 
155  155  208  55  56  1  1  1 
156  156  42  208  55  1  1  1 
157  157  43  44  209  1  1  1 
158  158  44  209  57  1  1  1 
159  159  209  56  57  1  1  1 
160  160  43  209  56  1  1  1 
161  161  44  45  210  1  1  1 
162  162  45  210  58  1  1  1 
163  163  210  57  58  1  1  1 
164  164  44  210  57  1  1  1 
165  165  45  46  211  1  1  1 
166  166  46  211  59  1  1  1 
167  167  211  58  59  1  1  1 
168  168  45  211  58  1  1  1 
169  169  46  47  212  1  1  1 
170  170  47  212  60  1  1  1 
171  171  212  59  60  1  1  1 
172  172  46  212  59  1  1  1 
173  173  47  48  213  1  1  1 
174  174  48  213  61  1  1  1 
175  175  213  60  61  1  1  1 
176  176  47  213  60  1  1  1 
177  177  48  49  214  1  1  1 
178  178  49  214  62  1  1  1 
179  179  214  61  62  1  1  1 
180  180  48  214  61  1  1  1 
181  181  49  50  215  1  1  1 
182  182  50  215  63  1  1  1 
183  183  215  62  63  1  1  1 
184  184  49  215  62  1  1  1 
185  185  50  51  216  1  1  1 
186  186  51  216  64  1  1  1 
187  187  216  63  64  1  1  1 
188  188  50  216  63  1  1  1 
189  189  51  52  217  1  1  1 
190  190  52  217  65  1  1  1 
191  191  217  64  65  1  1  1 
192  192  51  217  64  1  1  1 
193  193  53  54  218  1  1  1 
194  194  54  218  67  1  1  1 
195  195  218  66  67  1  1  1 
196  196  53  218  66  1  1  1 
197  197  54  55  219  1  1  1 
198  198  55  219  68  1  1  1 
199  199  219  67  68  1  1  1 
200  200  54  219  67  1  1  1 
201  201  55  56  220  1  1  1 
202  202  56  220  69  1  1  1 
203  203  220  68  69  1  1  1 
204  204  55  220  68  1  1  1 
205  205  56  57  221  1  1  1 
206  206  57  221  70  1  1  1 
207  207  221  69  70  1  1  1 
208  208  56  221  69  1  1  1 
209  209  57  58  222  1  1  1 
210  210  58  222  71  1  1  1 
211  211  222  70  71  1  1  1 
212  212  57  222  70  1  1  1 
213  213  58  59  223  1  1  1 
214  214  59  223  72  1  1  1 
215  215  223  71  72  1  1  1 
216  216  58  223  71  1  1  1 
217  217  59  60  224  1  1  1 
218  218  60  224  73  1  1  1 
219  219  224  72  73  1  1  1 
220  220  59  224  72  1  1  1 
221  221  60  61  225  1  1  1 
222  222  61  225  74  1  1  1 
223  223  225  73  74  1  1  1 
224  224  60  225  73  1  1  1 
225  225  61  62  226  1  1  1 
226  226  62  226  75  1  1  1 
227  227  226  74  75  1  1  1 
228  228  61  226  74  1  1  1 
229  229  62  63  227  1  1  1 
230  230  63  227  76  1  1  1 
231  231  227  75  76  1  1  1 
232  232  62  227  75  1  1  1 
233  233  63  64  228  1  1  1 
234  234  64  228  77  1  1  1 
235  235  228  76  77  1  1  1 
236  236  63  228  76  1  1  1 
237  237  64  65  229  1  1  1 
238  238  65  229  78  1  1  1 
239  239  229  77  78  1  1  1 
240  240  64  229  77  1  1  1 
241  241  66  67  230  1  1  1 
242  242  67  230  80  1  1  1 
243  243  230  79  80  1  1  1 
244  244  66  230  79  1  1  1 
245  245  67  68  231  1  1  1 
246  246  68  231  81  1  1  1 
247  247  231  80  81  1  1  1 
248  248  67  231  80  1  1  1 
249  249  68  69  232  1  1  1 
250  250  69  232  82  1  1  1 
251  251  232  81  82  1  1  1 
252  252  68  232  81  1  1  1 
253  253  69  70  233  1  1  1 
254  254  70  233  83  1  1  1 
255  255  233  82  83  1  1  1 
256  256  69  233  82  1  1  1 
257  257  70  71  234  1  1  1 
258  258  71  234  84  1  1  1 
259  259  234  83  84  1  1  1 
260  260  70  234  83  1  1  1 
261  261  71  72  235  1  1  1 
262  262  72  235  85  1  1  1 
263  263  235  84  85  1  1  1 
264  264  71  235  84  1  1  1 
265  265  72  73  236  1  1  1 
266  266  73  236  86  1  1  1 
267  267  236  85  86  1  1  1 
268  268  72  236  85  1  1  1 
269  269  73  74  237  1  1  1 
270  270  74  237  87  1  1  1 
271  271  237  86  87  1  1  1 
272  272  73  237  86  1  1  1 
273  273  74  75  238  1  1  1 
274  274  75  238  88  1  1  1 
275  275  238  87  88  1  1  1 
276  276  74  238  87  1  1  1 
277  277  75  76  239  1  1  1 
278  278  76  239  89  1  1  1 
279  279  239  88  89  1  1  1 
280  280  75  239  88  1  1  1 
281  281  76  77  240  1  1  1 
282  282  77  240  90  1  1  1 
283  283  240  89  90  1  1  1 
284  284  76  240  89  1  1  1 
285  285  77  78  241  1  1  1 
286  286  78  241  91  1  1  1 
287  287  241  90  91  1  1  1 
288  288  77  241  90  1  1  1 
289  289  79  80  242  1  1  1 
290  290  80  242  93  1  1  1 
291  291  242  92  93  1  1  1 
292  292  79  242  92  1  1  1 
293  293  80  81  243  1  1  1 
294  294  81  243  94  1  1  1 
295  295  243  93  94  1  1  1 
296  296  80  243  93  1  1  1 
297  297  81  82  244  1  1  1 
298  298  82  244  95  1  1  1 
299  299  244  94  95  1  1  1 
300  300  81  244  94  1  1  1 
301  301  82  83  245  1  1  1 
302  302  83  245  96  1  1  1 
303  303  245  95  96  1  1  1 
304  304  82  245  95  1  1  1 
305  305  83  84  246  1  1  1 
306  306  84  246  97  1  1  1 
307  307  246  96  97  1  1  1 
308  308  83  246  96  1  1  1 
309  309  84  85  247  1  1  1 
310  310  85  247  98  1  1  1 
311  311  247  97  98  1  1  1 
312  312  84  247  97  1  1  1 
313  313  85  86  248  1  1  1 
314  314  86  248  99  1  1  1 
315  315  248  98  99  1  1  1 
316  316  85  248  98  1  1  1 
317  317  86  87  249  1  1  1 
318  318  87  249  100  1  1  1 
319  319  249  99  100  1  1  1 
320  320  86  249  99  1  1  1 
321  321  87  88  250  1  1  1 
322  322  88  250  101  1  1  1 
323  323  250  100  101  1  1  1 
324  324  87  250  100  1  1  1 
325  325  88  89  251  1  1  1 
326  326  89  251  102  1  1  1 
327  327  251  101  102  1  1  1 
328  328  88  251  101  1  1  1 
329  329  89  90  252  1  1  1 
330  330  90  252  103  1  1  1 
331  331  252  102  103  1  1  1 
332  332  89  252  102  1  1  1 
333  333  90  91  253  1  1  1 
334  334  91  253  104  1  1  1 
335  335  253  103  104  1  1  1 
336  336  90  253  103  1  1  1 
337  337  92  93  254  1  1  1 
338  338  93  254  106  1  1  1 
339  339  254  105  106  1  1  1 
340  340  92  254  105  1  1  1 
341  341  93  94  255  1  1  1 
342  342  94  255  107  1  1  1 
343  343  255  106  107  1  1  1 
344  344  93  255  106  1  1  1 
345  345  94  95  256  1  1  1 
346  346  95  256  108  1  1  1 
347  347  256  107  108  1  1  1 
348  348  94  256  107  1  1  1 
349  349  95  96  257  1  1  1 
350  350  96  257  109  1  1  1 
351  351  257  108  109  1  1  1 
352  352  95  257  108  1  1  1 
353  353  96  97  258  1  1  1 
354  354  97  258  110  1  1  1 
355  355  258  109  110  1  1  1 
356  356  96  258  109  1  1  1 
357  357  97  98  259  1  1  1 
358  358  98  259  111  1  1  1 
359  359  259  110  111  1  1  1 
360  360  97  259  110  1  1  1 
361  361  98  99  260  1  1  1 
362  362  99  260  112  1  1  1 
363  363  260  111  112  1  1  1 
364  364  98  260  111  1  1  1 
365  365  99  100  261  1  1  1 
366  366  100  261  113  1  1  1 
367  367  261  112  113  1  1  1 
368  368  99  261  112  1  1  1 
369  369  100  101  262  1  1  1 
370  370  101  262  114  1  1  1 
371  371  262  113  114  1  1  1 
372  372  100  262  113  1  1  1 
373  373  101  102  263  1  1  1 
374  374  102  263  115  1  1  1 
375  375  263  114  115  1  1  1 
376  376  101  263  114  1  1  1 
377  377  102  103  264  1  1  1 
378  378  103  264  116  1  1  1 
379  379  264  115  116  1  1  1 
380  380  102  264  115  1  1  1 
381  381  103  104  265  1  1  1 
382  382  104  265  117  1  1  1 
383  383  265  116  117  1  1  1 
384  384  103  265  116  1  1  1 
385  385  105  106  266  1  1  1 
386  386  106  266  119  1  1  1 
387  387  266  118  119  1  1  1 
388  388  105  266  118  1  1  1 
389  389  106  107  267  1  1  1 
390  390  107  267  120  1  1  1 
391  391  267  119  120  1  1  1 
392  392  106  267  119  1  1  1 
393  393  107  108  268  1  1  1 
394  394  108  268  121  1  1  1 
395  395  268  120  121  1  1  1 
396  396  107  268  120  1  1  1 
397  397  108  109  269  1  1  1 
398  398  109  269  122  1  1  1 
399  399  269  121  122  1  1  1 
400  400  108  269  121  1  1  1 
401  401  109  110  270  1  1  1 
402  402  110  270  123  1  1  1 
403  403  270  122  123  1  1  1 
404  404  109  270  122  1  1  1 
405  405  110  111  271  1  1  1 
406  406  111  271  124  1  1  1 
407  407  271  123  124  1  1  1 
408  408  110  271  123  1  1  1 
409  409  111  112  272  1  1  1 
410  410  112  272  125  1  1  1 
411  411  272  124  125  1  1  1 
412  412  111  272  124  1  1  1 
413  413  112  113  273  1  1  1 
414  414  113  273  126  1  1  1 
415  415  273  125  126  1  1  1 
416  416  112  273  125  1  1  1 
417  417  113  114  274  1  1  1 
418  418  114  274  127  1  1  1 
419  419  274  126  127  1  1  1 
420  420  113  274  126  1  1  1 
421  421  114  115  275  1  1  1 
422  422  115  275  128  1  1  1 
423  423  275  127  128  1  1  1 
424  424  114  275  127  1  1  1 
425  425  115  116  276  1  1  1 
426  426  116  276  129  1  1  1 
427  427  276  128  129  1  1  1 
428  428  115  276  128  1  1  1 
429  429  116  117  277  1  1  1 
430  430  117  277  130  1  1  1 
431  431  277  129  130  1  1  1 
432  432  116  277  129  1  1  1 
433  433  118  119  278  1  1  1 
434  434  119  278  132  1  1  1 
435  435  278  131  132  1  1  1 
436  436  118  278  131  1  1  1 
437  437  119  120  279  1  1  1 
438  438  120  279  133  1  1  1 
439  439  279  132  133  1  1  1 
440  440  119  279  132  1  1  1 
441  441  120  121  280  1  1  1 
442  442  121  280  134  1  1  1 
443  443  280  133  134  1  1  1 
444  444  120  280  133  1  1  1 
445  445  121  122  281  1  1  1 
446  446  122  281  135  1  1  1 
447  447  281  134  135  1  1  1 
448  448  121  281  134  1  1  1 
449  449  122  123  282  1  1  1 
450  450  123  282  136  1  1  1 
451  451  282  135  136  1  1  1 
452  452  122  282  135  1  1  1 
453  453  123  124  283  1  1  1 
454  454  124  283  137  1  1  1 
455  455  283  136  137  1  1  1 
456  456  123  283  136  1  1  1 
457  457  124  125  284  1  1  1 
458  458  125  284  138  1  1  1 
459  459  284  137  138  1  1  1 
460  460  124  284  137  1  1  1 
461  461  125  126  285  1  1  1 
462  462  126  285  139  1  1  1 
463  463  285  138  139  1  1  1 
464  464  125  285  138  1  1  1 
465  465  126  127  286  1  1  1 
466  466  127  286  140  1  1  1 
467  467  286  139  140  1  1  1 
468  468  126  286  139  1  1  1 
469  469  127  128  287  1  1  1 
470  470  128  287  141  1  1  1 
471  471  287  140  141  1  1  1 
472  472  127  287  140  1  1  1 
473  473  128  129  288  1  1  1 
474  474  129  288  142  1  1  1 
475  475  288  141  142  1  1  1 
476  476  128  288  141  1  1  1 
477  477  129  130  289  1  1  1 
478  478  130  289  143  1  1  1 
479  479  289  142  143  1  1  1 
480  480  129  289  142  1  1  1 
481  481  131  132  290  1  1  1 
482  482  132  290  145  1  1  1 
483  483  290  144  145  1  1  1 
484  484  131  290  144  1  1  1 
485  485  132  133  291  1  1  1 
486  486  133  291  146  1  1  1 
487  487  291  145  146  1  1  1 
488  488  132  291  145  1  1  1 
489  489  133  134  292  1  1  1 
490  490  134  292  147  1  1  1 
491  491  292  146  147  1  1  1 
492  492  133  292  146  1  1  1 
493  493  134  135  293  1  1  1 
494  494  135  293  148  1  1  1 
495  495  293  147  148  1  1  1 
496  496  134  293  147  1  1  1 
497  497  135  136  294  1  1  1 
498  498  136  294  149  1  1  1 
499  499  294  148  149  1  1  1 
500  500  135  294  148  1  1  1 
501  501  136  137  295  1  1  1 
502  502  137  295  150  1  1  1 
503  503  295  149  150  1  1  1 
504  504  136  295  149  1  1  1 
505  505  137  138  296  1  1  1 
506  506  138  296  151  1  1  1 
507  507  296  150  151  1  1  1 
508  508  137  296  150  1  1  1 
509  509  138  139  297  1  1  1 
510  510  139  297  152  1  1  1 
511  511  297  151  152  1  1  1 
512  512  138  297  151  1  1  1 
513  513  139  140  298  1  1  1 
514  514  140  298  153  1  1  1 
515  515  298  152  153  1  1  1 
516  516  139  298  152  1  1  1 
517  517  140  141  299  1  1  1 
518  518  141  299  154  1  1  1 
519  519  299  153  154  1  1  1 
520  520  140  299  153  1  1  1 
521  521  141  142  300  1  1  1 
522  522  142  300  155  1  1  1 
523  523  300  154  155  1  1  1 
524  524  141  300  154  1  1  1 
525  525  142  143  301  1  1  1 
526  526  143  301  156  1  1  1 
527  527  301  155  156  1  1  1 
528  528  142  301  155  1  1  1 
529  529  144  145  302  1  1  1 
530  530  145  302  158  1  1  1 
531  531  302  157  158  1  1  1 
532  532  144  302  157  1  1  1 
533  533  145  146  303  1  1  1 
534  534  146  303  159  1  1  1 
535  535  303  158  159  1  1  1 
536  536  145  303  158  1  1  1 
537  537  146  147  304  1  1  1 
538  538  147  304  160  1  1  1 
539  539  304  159  160  1  1  1 
540  540  146  304  159  1  1  1 
541  541  147  148  305  1  1  1 
542  542  148  305  161  1  1  1 
543  543  305  160  161  1  1  1 
544  544  147  305  160  1  1  1 
545  545  148  149  306  1  1  1 
546  546  149  306  162  1  1  1 
547  547  306  161  162  1  1  1 
548  548  148  306  161  1  1  1 
549  549  149  150  307  1  1  1 
550  550  150  307  163  1  1  1 
551  551  307  162  163  1  1  1 
552  552  149  307  162  1  1  1 
553  553  150  151  308  1  1  1 
554  554  151  308  164  1  1  1 
555  555  308  163  164  1  1  1 
556  556  150  308  163  1  1  1 
557  557  151  152  309  1  1  1 
558  558  152  309  165  1  1  1 
559  559  309  164  165  1  1  1 
560  560  151  309  164  1  1  1 
561  561  152  153  310  1  1  1 
562  562  153  310  166  1  1  1 
563  563  310  165  166  1  1  1 
564  564  152  310  165  1  1  1 
565  565  153  154  311  1  1  1 
566  566  154  311  167  1  1  1 
567  567  311  166  167  1  1  1 
568  568  153  311  166  1  1  1 
569  569  154  155  312  1  1  1 
570  570  155  312  168  1  1  1 
571  571  312  167  168  1  1  1 
572  572  154  312  167  1  1  1 
573  573  155  156  313  1  1  1 
574  574  156  313  169  1  1  1 
575  575  313  168  169  1  1  1 
576  576  155  313  168  1  1  1 
##
/CABLE_ELEMS_7/
1  1  1  14  2  2  2 
1  1  1  2  2  2  2 
1  1  13  26  2  2  2 
1  1  157  158  2  2  2 
1  1  14  27  2  2  2 
1  1  2  3  2  2  2 
1  1  26  39  2  2  2 
1  1  158  159  2  2  2 
1  1  27  40  2  2  2 
1  1  3  4  2  2  2 
1  1  39  52  2  2  2 
1  1  159  160  2  2  2 
1  1  40  53  2  2  2 
1  1  4  5  2  2  2 
1  1  52  65  2  2  2 
1  1  160  161  2  2  2 
1  1  53  66  2  2  2 
1  1  5  6  2  2  2 
1  1  65  78  2  2  2 
1  1  161  162  2  2  2 
1  1  66  79  2  2  2 
1  1  6  7  2  2  2 
1  1  78  91  2  2  2 
1  1  162  163  2  2  2 
1  1  79  92  2  2  2 
1  1  7  8  2  2  2 
1  1  91  104  2  2  2 
1  1  163  164  2  2  2 
1  1  92  105  2  2  2 
1  1  8  9  2  2  2 
1  1  104  117  2  2  2 
1  1  164  165  2  2  2 
1  1  105  118  2  2  2 
1  1  9  10  2  2  2 
1  1  117  130  2  2  2 
1  1  165  166  2  2  2 
1  1  118  131  2  2  2 
1  1  10  11  2  2  2 
1  1  130  143  2  2  2 
1  1  166  167  2  2  2 
1  1  131  144  2  2  2 
1  1  11  12  2  2  2 
1  1  143  156  2  2  2 
1  1  167  168  2  2  2 
1  1  144  157  2  2  2 
1  1  12  13  2  2  2 
1  1  156  169  2  2  2 
1  1  168  169  2  2  2 
##
/SUPPORT INFORMATION/
1  1  2  2  2  0  0  0 
1  13  2  2  2  0  0  0 
1  157  2  2  2  0  0  0 
1  169  2  2  2  0  0  0 
##
/END/
