/BEGIN_MST_SPECIAL_DATA/
/MATERIAL INFO/
1 6E8 1E3 1150 0.38
1 1.9E11 1E3 7500 0.3
##
/SECTION PROPERTIES/
20 1 0.0013
7  1 2E-4 0 0.00 0.00 0.00 0.00 0.00 0.00 0.00 0.00 0 0
##
/PRESTRESS/
1 1 200000
2 0 0      16000
##
/SOLVESTEP SETTINGS/
/STEP/
0
1
/STEP_END/
##
/NODECORD2/
1  0.0000000000  0.0000000000  0.0000000000  0  2 
2  0.6250000000  0.0000000000  0.3125000000  0  2 
3  1.2500000000  0.0000000000  0.6250000000  0  2 
4  1.8750000000  0.0000000000  0.9375000000  0  2 
5  2.5000000000  0.0000000000  1.2500000000  0  2 
6  3.1250000000  0.0000000000  1.5625000000  0  2 
7  3.7500000000  0.0000000000  1.8750000000  0  2 
8  4.3750000000  0.0000000000  2.1875000000  0  2 
9  5.0000000000  0.0000000000  2.5000000000  0  2 
10  5.6250000000  0.0000000000  2.8125000000  0  2 
11  6.2500000000  0.0000000000  3.1250000000  0  2 
12  6.8750000000  0.0000000000  3.4375000000  0  2 
13  7.5000000000  0.0000000000  3.7500000000  0  2 
14  8.1250000000  0.0000000000  4.0625000000  0  2 
15  8.7500000000  0.0000000000  4.3750000000  0  2 
16  9.3750000000  0.0000000000  4.6875000000  0  2 
17  10.0000000000  0.0000000000  5.0000000000  0  2 
18  0.0000000000  0.6250000000  0.3125000000  0  2 
19  0.6250000000  0.6250000000  0.6250000000  0  2 
20  1.2500000000  0.6250000000  0.9375000000  0  2 
21  1.8750000000  0.6250000000  1.2500000000  0  2 
22  2.5000000000  0.6250000000  1.5625000000  0  2 
23  3.1250000000  0.6250000000  1.8750000000  0  2 
24  3.7500000000  0.6250000000  2.1875000000  0  2 
25  4.3750000000  0.6250000000  2.5000000000  0  2 
26  5.0000000000  0.6250000000  2.8125000000  0  2 
27  5.6250000000  0.6250000000  3.1250000000  0  2 
28  6.2500000000  0.6250000000  3.4375000000  0  2 
29  6.8750000000  0.6250000000  3.7500000000  0  2 
30  7.5000000000  0.6250000000  4.0625000000  0  2 
31  8.1250000000  0.6250000000  4.3750000000  0  2 
32  8.7500000000  0.6250000000  4.6875000000  0  2 
33  9.3750000000  0.6250000000  5.0000000000  0  2 
34  10.0000000000  0.6250000000  4.6875000000  0  2 
35  0.0000000000  1.2500000000  0.6250000000  0  2 
36  0.6250000000  1.2500000000  0.9375000000  0  2 
37  1.2500000000  1.2500000000  1.2500000000  0  2 
38  1.8750000000  1.2500000000  1.5625000000  0  2 
39  2.5000000000  1.2500000000  1.8750000000  0  2 
40  3.1250000000  1.2500000000  2.1875000000  0  2 
41  3.7500000000  1.2500000000  2.5000000000  0  2 
42  4.3750000000  1.2500000000  2.8125000000  0  2 
43  5.0000000000  1.2500000000  3.1250000000  0  2 
44  5.6250000000  1.2500000000  3.4375000000  0  2 
45  6.2500000000  1.2500000000  3.7500000000  0  2 
46  6.8750000000  1.2500000000  4.0625000000  0  2 
47  7.5000000000  1.2500000000  4.3750000000  0  2 
48  8.1250000000  1.2500000000  4.6875000000  0  2 
49  8.7500000000  1.2500000000  5.0000000000  0  2 
50  9.3750000000  1.2500000000  4.6875000000  0  2 
51  10.0000000000  1.2500000000  4.3750000000  0  2 
52  0.0000000000  1.8750000000  0.9375000000  0  2 
53  0.6250000000  1.8750000000  1.2500000000  0  2 
54  1.2500000000  1.8750000000  1.5625000000  0  2 
55  1.8750000000  1.8750000000  1.8750000000  0  2 
56  2.5000000000  1.8750000000  2.1875000000  0  2 
57  3.1250000000  1.8750000000  2.5000000000  0  2 
58  3.7500000000  1.8750000000  2.8125000000  0  2 
59  4.3750000000  1.8750000000  3.1250000000  0  2 
60  5.0000000000  1.8750000000  3.4375000000  0  2 
61  5.6250000000  1.8750000000  3.7500000000  0  2 
62  6.2500000000  1.8750000000  4.0625000000  0  2 
63  6.8750000000  1.8750000000  4.3750000000  0  2 
64  7.5000000000  1.8750000000  4.6875000000  0  2 
65  8.1250000000  1.8750000000  5.0000000000  0  2 
66  8.7500000000  1.8750000000  4.6875000000  0  2 
67  9.3750000000  1.8750000000  4.3750000000  0  2 
68  10.0000000000  1.8750000000  4.0625000000  0  2 
69  0.0000000000  2.5000000000  1.2500000000  0  2 
70  0.6250000000  2.5000000000  1.5625000000  0  2 
71  1.2500000000  2.5000000000  1.8750000000  0  2 
72  1.8750000000  2.5000000000  2.1875000000  0  2 
73  2.5000000000  2.5000000000  2.5000000000  0  2 
74  3.1250000000  2.5000000000  2.8125000000  0  2 
75  3.7500000000  2.5000000000  3.1250000000  0  2 
76  4.3750000000  2.5000000000  3.4375000000  0  2 
77  5.0000000000  2.5000000000  3.7500000000  0  2 
78  5.6250000000  2.5000000000  4.0625000000  0  2 
79  6.2500000000  2.5000000000  4.3750000000  0  2 
80  6.8750000000  2.5000000000  4.6875000000  0  2 
81  7.5000000000  2.5000000000  5.0000000000  0  2 
82  8.1250000000  2.5000000000  4.6875000000  0  2 
83  8.7500000000  2.5000000000  4.3750000000  0  2 
84  9.3750000000  2.5000000000  4.0625000000  0  2 
85  10.0000000000  2.5000000000  3.7500000000  0  2 
86  0.0000000000  3.1250000000  1.5625000000  0  2 
87  0.6250000000  3.1250000000  1.8750000000  0  2 
88  1.2500000000  3.1250000000  2.1875000000  0  2 
89  1.8750000000  3.1250000000  2.5000000000  0  2 
90  2.5000000000  3.1250000000  2.8125000000  0  2 
91  3.1250000000  3.1250000000  3.1250000000  0  2 
92  3.7500000000  3.1250000000  3.4375000000  0  2 
93  4.3750000000  3.1250000000  3.7500000000  0  2 
94  5.0000000000  3.1250000000  4.0625000000  0  2 
95  5.6250000000  3.1250000000  4.3750000000  0  2 
96  6.2500000000  3.1250000000  4.6875000000  0  2 
97  6.8750000000  3.1250000000  5.0000000000  0  2 
98  7.5000000000  3.1250000000  4.6875000000  0  2 
99  8.1250000000  3.1250000000  4.3750000000  0  2 
100  8.7500000000  3.1250000000  4.0625000000  0  2 
101  9.3750000000  3.1250000000  3.7500000000  0  2 
102  10.0000000000  3.1250000000  3.4375000000  0  2 
103  0.0000000000  3.7500000000  1.8750000000  0  2 
104  0.6250000000  3.7500000000  2.1875000000  0  2 
105  1.2500000000  3.7500000000  2.5000000000  0  2 
106  1.8750000000  3.7500000000  2.8125000000  0  2 
107  2.5000000000  3.7500000000  3.1250000000  0  2 
108  3.1250000000  3.7500000000  3.4375000000  0  2 
109  3.7500000000  3.7500000000  3.7500000000  0  2 
110  4.3750000000  3.7500000000  4.0625000000  0  2 
111  5.0000000000  3.7500000000  4.3750000000  0  2 
112  5.6250000000  3.7500000000  4.6875000000  0  2 
113  6.2500000000  3.7500000000  5.0000000000  0  2 
114  6.8750000000  3.7500000000  4.6875000000  0  2 
115  7.5000000000  3.7500000000  4.3750000000  0  2 
116  8.1250000000  3.7500000000  4.0625000000  0  2 
117  8.7500000000  3.7500000000  3.7500000000  0  2 
118  9.3750000000  3.7500000000  3.4375000000  0  2 
119  10.0000000000  3.7500000000  3.1250000000  0  2 
120  0.0000000000  4.3750000000  2.1875000000  0  2 
121  0.6250000000  4.3750000000  2.5000000000  0  2 
122  1.2500000000  4.3750000000  2.8125000000  0  2 
123  1.8750000000  4.3750000000  3.1250000000  0  2 
124  2.5000000000  4.3750000000  3.4375000000  0  2 
125  3.1250000000  4.3750000000  3.7500000000  0  2 
126  3.7500000000  4.3750000000  4.0625000000  0  2 
127  4.3750000000  4.3750000000  4.3750000000  0  2 
128  5.0000000000  4.3750000000  4.6875000000  0  2 
129  5.6250000000  4.3750000000  5.0000000000  0  2 
130  6.2500000000  4.3750000000  4.6875000000  0  2 
131  6.8750000000  4.3750000000  4.3750000000  0  2 
132  7.5000000000  4.3750000000  4.0625000000  0  2 
133  8.1250000000  4.3750000000  3.7500000000  0  2 
134  8.7500000000  4.3750000000  3.4375000000  0  2 
135  9.3750000000  4.3750000000  3.1250000000  0  2 
136  10.0000000000  4.3750000000  2.8125000000  0  2 
137  0.0000000000  5.0000000000  2.5000000000  0  2 
138  0.6250000000  5.0000000000  2.8125000000  0  2 
139  1.2500000000  5.0000000000  3.1250000000  0  2 
140  1.8750000000  5.0000000000  3.4375000000  0  2 
141  2.5000000000  5.0000000000  3.7500000000  0  2 
142  3.1250000000  5.0000000000  4.0625000000  0  2 
143  3.7500000000  5.0000000000  4.3750000000  0  2 
144  4.3750000000  5.0000000000  4.6875000000  0  2 
145  5.0000000000  5.0000000000  5.0000000000  0  2 
146  5.6250000000  5.0000000000  4.6875000000  0  2 
147  6.2500000000  5.0000000000  4.3750000000  0  2 
148  6.8750000000  5.0000000000  4.0625000000  0  2 
149  7.5000000000  5.0000000000  3.7500000000  0  2 
150  8.1250000000  5.0000000000  3.4375000000  0  2 
151  8.7500000000  5.0000000000  3.1250000000  0  2 
152  9.3750000000  5.0000000000  2.8125000000  0  2 
153  10.0000000000  5.0000000000  2.5000000000  0  2 
154  0.0000000000  5.6250000000  2.8125000000  0  2 
155  0.6250000000  5.6250000000  3.1250000000  0  2 
156  1.2500000000  5.6250000000  3.4375000000  0  2 
157  1.8750000000  5.6250000000  3.7500000000  0  2 
158  2.5000000000  5.6250000000  4.0625000000  0  2 
159  3.1250000000  5.6250000000  4.3750000000  0  2 
160  3.7500000000  5.6250000000  4.6875000000  0  2 
161  4.3750000000  5.6250000000  5.0000000000  0  2 
162  5.0000000000  5.6250000000  4.6875000000  0  2 
163  5.6250000000  5.6250000000  4.3750000000  0  2 
164  6.2500000000  5.6250000000  4.0625000000  0  2 
165  6.8750000000  5.6250000000  3.7500000000  0  2 
166  7.5000000000  5.6250000000  3.4375000000  0  2 
167  8.1250000000  5.6250000000  3.1250000000  0  2 
168  8.7500000000  5.6250000000  2.8125000000  0  2 
169  9.3750000000  5.6250000000  2.5000000000  0  2 
170  10.0000000000  5.6250000000  2.1875000000  0  2 
171  0.0000000000  6.2500000000  3.1250000000  0  2 
172  0.6250000000  6.2500000000  3.4375000000  0  2 
173  1.2500000000  6.2500000000  3.7500000000  0  2 
174  1.8750000000  6.2500000000  4.0625000000  0  2 
175  2.5000000000  6.2500000000  4.3750000000  0  2 
176  3.1250000000  6.2500000000  4.6875000000  0  2 
177  3.7500000000  6.2500000000  5.0000000000  0  2 
178  4.3750000000  6.2500000000  4.6875000000  0  2 
179  5.0000000000  6.2500000000  4.3750000000  0  2 
180  5.6250000000  6.2500000000  4.0625000000  0  2 
181  6.2500000000  6.2500000000  3.7500000000  0  2 
182  6.8750000000  6.2500000000  3.4375000000  0  2 
183  7.5000000000  6.2500000000  3.1250000000  0  2 
184  8.1250000000  6.2500000000  2.8125000000  0  2 
185  8.7500000000  6.2500000000  2.5000000000  0  2 
186  9.3750000000  6.2500000000  2.1875000000  0  2 
187  10.0000000000  6.2500000000  1.8750000000  0  2 
188  0.0000000000  6.8750000000  3.4375000000  0  2 
189  0.6250000000  6.8750000000  3.7500000000  0  2 
190  1.2500000000  6.8750000000  4.0625000000  0  2 
191  1.8750000000  6.8750000000  4.3750000000  0  2 
192  2.5000000000  6.8750000000  4.6875000000  0  2 
193  3.1250000000  6.8750000000  5.0000000000  0  2 
194  3.7500000000  6.8750000000  4.6875000000  0  2 
195  4.3750000000  6.8750000000  4.3750000000  0  2 
196  5.0000000000  6.8750000000  4.0625000000  0  2 
197  5.6250000000  6.8750000000  3.7500000000  0  2 
198  6.2500000000  6.8750000000  3.4375000000  0  2 
199  6.8750000000  6.8750000000  3.1250000000  0  2 
200  7.5000000000  6.8750000000  2.8125000000  0  2 
201  8.1250000000  6.8750000000  2.5000000000  0  2 
202  8.7500000000  6.8750000000  2.1875000000  0  2 
203  9.3750000000  6.8750000000  1.8750000000  0  2 
204  10.0000000000  6.8750000000  1.5625000000  0  2 
205  0.0000000000  7.5000000000  3.7500000000  0  2 
206  0.6250000000  7.5000000000  4.0625000000  0  2 
207  1.2500000000  7.5000000000  4.3750000000  0  2 
208  1.8750000000  7.5000000000  4.6875000000  0  2 
209  2.5000000000  7.5000000000  5.0000000000  0  2 
210  3.1250000000  7.5000000000  4.6875000000  0  2 
211  3.7500000000  7.5000000000  4.3750000000  0  2 
212  4.3750000000  7.5000000000  4.0625000000  0  2 
213  5.0000000000  7.5000000000  3.7500000000  0  2 
214  5.6250000000  7.5000000000  3.4375000000  0  2 
215  6.2500000000  7.5000000000  3.1250000000  0  2 
216  6.8750000000  7.5000000000  2.8125000000  0  2 
217  7.5000000000  7.5000000000  2.5000000000  0  2 
218  8.1250000000  7.5000000000  2.1875000000  0  2 
219  8.7500000000  7.5000000000  1.8750000000  0  2 
220  9.3750000000  7.5000000000  1.5625000000  0  2 
221  10.0000000000  7.5000000000  1.2500000000  0  2 
222  0.0000000000  8.1250000000  4.0625000000  0  2 
223  0.6250000000  8.1250000000  4.3750000000  0  2 
224  1.2500000000  8.1250000000  4.6875000000  0  2 
225  1.8750000000  8.1250000000  5.0000000000  0  2 
226  2.5000000000  8.1250000000  4.6875000000  0  2 
227  3.1250000000  8.1250000000  4.3750000000  0  2 
228  3.7500000000  8.1250000000  4.0625000000  0  2 
229  4.3750000000  8.1250000000  3.7500000000  0  2 
230  5.0000000000  8.1250000000  3.4375000000  0  2 
231  5.6250000000  8.1250000000  3.1250000000  0  2 
232  6.2500000000  8.1250000000  2.8125000000  0  2 
233  6.8750000000  8.1250000000  2.5000000000  0  2 
234  7.5000000000  8.1250000000  2.1875000000  0  2 
235  8.1250000000  8.1250000000  1.8750000000  0  2 
236  8.7500000000  8.1250000000  1.5625000000  0  2 
237  9.3750000000  8.1250000000  1.2500000000  0  2 
238  10.0000000000  8.1250000000  0.9375000000  0  2 
239  0.0000000000  8.7500000000  4.3750000000  0  2 
240  0.6250000000  8.7500000000  4.6875000000  0  2 
241  1.2500000000  8.7500000000  5.0000000000  0  2 
242  1.8750000000  8.7500000000  4.6875000000  0  2 
243  2.5000000000  8.7500000000  4.3750000000  0  2 
244  3.1250000000  8.7500000000  4.0625000000  0  2 
245  3.7500000000  8.7500000000  3.7500000000  0  2 
246  4.3750000000  8.7500000000  3.4375000000  0  2 
247  5.0000000000  8.7500000000  3.1250000000  0  2 
248  5.6250000000  8.7500000000  2.8125000000  0  2 
249  6.2500000000  8.7500000000  2.5000000000  0  2 
250  6.8750000000  8.7500000000  2.1875000000  0  2 
251  7.5000000000  8.7500000000  1.8750000000  0  2 
252  8.1250000000  8.7500000000  1.5625000000  0  2 
253  8.7500000000  8.7500000000  1.2500000000  0  2 
254  9.3750000000  8.7500000000  0.9375000000  0  2 
255  10.0000000000  8.7500000000  0.6250000000  0  2 
256  0.0000000000  9.3750000000  4.6875000000  0  2 
257  0.6250000000  9.3750000000  5.0000000000  0  2 
258  1.2500000000  9.3750000000  4.6875000000  0  2 
259  1.8750000000  9.3750000000  4.3750000000  0  2 
260  2.5000000000  9.3750000000  4.0625000000  0  2 
261  3.1250000000  9.3750000000  3.7500000000  0  2 
262  3.7500000000  9.3750000000  3.4375000000  0  2 
263  4.3750000000  9.3750000000  3.1250000000  0  2 
264  5.0000000000  9.3750000000  2.8125000000  0  2 
265  5.6250000000  9.3750000000  2.5000000000  0  2 
266  6.2500000000  9.3750000000  2.1875000000  0  2 
267  6.8750000000  9.3750000000  1.8750000000  0  2 
268  7.5000000000  9.3750000000  1.5625000000  0  2 
269  8.1250000000  9.3750000000  1.2500000000  0  2 
270  8.7500000000  9.3750000000  0.9375000000  0  2 
271  9.3750000000  9.3750000000  0.6250000000  0  2 
272  10.0000000000  9.3750000000  0.3125000000  0  2 
273  0.0000000000  10.0000000000  5.0000000000  0  2 
274  0.6250000000  10.0000000000  4.6875000000  0  2 
275  1.2500000000  10.0000000000  4.3750000000  0  2 
276  1.8750000000  10.0000000000  4.0625000000  0  2 
277  2.5000000000  10.0000000000  3.7500000000  0  2 
278  3.1250000000  10.0000000000  3.4375000000  0  2 
279  3.7500000000  10.0000000000  3.1250000000  0  2 
280  4.3750000000  10.0000000000  2.8125000000  0  2 
281  5.0000000000  10.0000000000  2.5000000000  0  2 
282  5.6250000000  10.0000000000  2.1875000000  0  2 
283  6.2500000000  10.0000000000  1.8750000000  0  2 
284  6.8750000000  10.0000000000  1.5625000000  0  2 
285  7.5000000000  10.0000000000  1.2500000000  0  2 
286  8.1250000000  10.0000000000  0.9375000000  0  2 
287  8.7500000000  10.0000000000  0.6250000000  0  2 
288  9.3750000000  10.0000000000  0.3125000000  0  2 
289  10.0000000000  10.0000000000  0.0000000000  0  2 
290  0.3125000000  0.3125000000  0.3125000000  0  2 
291  0.9375000000  0.3125000000  0.6250000000  0  2 
292  1.5625000000  0.3125000000  0.9375000000  0  2 
293  2.1875000000  0.3125000000  1.2500000000  0  2 
294  2.8125000000  0.3125000000  1.5625000000  0  2 
295  3.4375000000  0.3125000000  1.8750000000  0  2 
296  4.0625000000  0.3125000000  2.1875000000  0  2 
297  4.6875000000  0.3125000000  2.5000000000  0  2 
298  5.3125000000  0.3125000000  2.8125000000  0  2 
299  5.9375000000  0.3125000000  3.1250000000  0  2 
300  6.5625000000  0.3125000000  3.4375000000  0  2 
301  7.1875000000  0.3125000000  3.7500000000  0  2 
302  7.8125000000  0.3125000000  4.0625000000  0  2 
303  8.4375000000  0.3125000000  4.3750000000  0  2 
304  9.0625000000  0.3125000000  4.6875000000  0  2 
305  9.6875000000  0.3125000000  5.0000000000  0  2 
306  0.3125000000  0.9375000000  0.6250000000  0  2 
307  0.9375000000  0.9375000000  0.9375000000  0  2 
308  1.5625000000  0.9375000000  1.2500000000  0  2 
309  2.1875000000  0.9375000000  1.5625000000  0  2 
310  2.8125000000  0.9375000000  1.8750000000  0  2 
311  3.4375000000  0.9375000000  2.1875000000  0  2 
312  4.0625000000  0.9375000000  2.5000000000  0  2 
313  4.6875000000  0.9375000000  2.8125000000  0  2 
314  5.3125000000  0.9375000000  3.1250000000  0  2 
315  5.9375000000  0.9375000000  3.4375000000  0  2 
316  6.5625000000  0.9375000000  3.7500000000  0  2 
317  7.1875000000  0.9375000000  4.0625000000  0  2 
318  7.8125000000  0.9375000000  4.3750000000  0  2 
319  8.4375000000  0.9375000000  4.6875000000  0  2 
320  9.0625000000  0.9375000000  5.0000000000  0  2 
321  9.6875000000  0.9375000000  4.6875000000  0  2 
322  0.3125000000  1.5625000000  0.9375000000  0  2 
323  0.9375000000  1.5625000000  1.2500000000  0  2 
324  1.5625000000  1.5625000000  1.5625000000  0  2 
325  2.1875000000  1.5625000000  1.8750000000  0  2 
326  2.8125000000  1.5625000000  2.1875000000  0  2 
327  3.4375000000  1.5625000000  2.5000000000  0  2 
328  4.0625000000  1.5625000000  2.8125000000  0  2 
329  4.6875000000  1.5625000000  3.1250000000  0  2 
330  5.3125000000  1.5625000000  3.4375000000  0  2 
331  5.9375000000  1.5625000000  3.7500000000  0  2 
332  6.5625000000  1.5625000000  4.0625000000  0  2 
333  7.1875000000  1.5625000000  4.3750000000  0  2 
334  7.8125000000  1.5625000000  4.6875000000  0  2 
335  8.4375000000  1.5625000000  5.0000000000  0  2 
336  9.0625000000  1.5625000000  4.6875000000  0  2 
337  9.6875000000  1.5625000000  4.3750000000  0  2 
338  0.3125000000  2.1875000000  1.2500000000  0  2 
339  0.9375000000  2.1875000000  1.5625000000  0  2 
340  1.5625000000  2.1875000000  1.8750000000  0  2 
341  2.1875000000  2.1875000000  2.1875000000  0  2 
342  2.8125000000  2.1875000000  2.5000000000  0  2 
343  3.4375000000  2.1875000000  2.8125000000  0  2 
344  4.0625000000  2.1875000000  3.1250000000  0  2 
345  4.6875000000  2.1875000000  3.4375000000  0  2 
346  5.3125000000  2.1875000000  3.7500000000  0  2 
347  5.9375000000  2.1875000000  4.0625000000  0  2 
348  6.5625000000  2.1875000000  4.3750000000  0  2 
349  7.1875000000  2.1875000000  4.6875000000  0  2 
350  7.8125000000  2.1875000000  5.0000000000  0  2 
351  8.4375000000  2.1875000000  4.6875000000  0  2 
352  9.0625000000  2.1875000000  4.3750000000  0  2 
353  9.6875000000  2.1875000000  4.0625000000  0  2 
354  0.3125000000  2.8125000000  1.5625000000  0  2 
355  0.9375000000  2.8125000000  1.8750000000  0  2 
356  1.5625000000  2.8125000000  2.1875000000  0  2 
357  2.1875000000  2.8125000000  2.5000000000  0  2 
358  2.8125000000  2.8125000000  2.8125000000  0  2 
359  3.4375000000  2.8125000000  3.1250000000  0  2 
360  4.0625000000  2.8125000000  3.4375000000  0  2 
361  4.6875000000  2.8125000000  3.7500000000  0  2 
362  5.3125000000  2.8125000000  4.0625000000  0  2 
363  5.9375000000  2.8125000000  4.3750000000  0  2 
364  6.5625000000  2.8125000000  4.6875000000  0  2 
365  7.1875000000  2.8125000000  5.0000000000  0  2 
366  7.8125000000  2.8125000000  4.6875000000  0  2 
367  8.4375000000  2.8125000000  4.3750000000  0  2 
368  9.0625000000  2.8125000000  4.0625000000  0  2 
369  9.6875000000  2.8125000000  3.7500000000  0  2 
370  0.3125000000  3.4375000000  1.8750000000  0  2 
371  0.9375000000  3.4375000000  2.1875000000  0  2 
372  1.5625000000  3.4375000000  2.5000000000  0  2 
373  2.1875000000  3.4375000000  2.8125000000  0  2 
374  2.8125000000  3.4375000000  3.1250000000  0  2 
375  3.4375000000  3.4375000000  3.4375000000  0  2 
376  4.0625000000  3.4375000000  3.7500000000  0  2 
377  4.6875000000  3.4375000000  4.0625000000  0  2 
378  5.3125000000  3.4375000000  4.3750000000  0  2 
379  5.9375000000  3.4375000000  4.6875000000  0  2 
380  6.5625000000  3.4375000000  5.0000000000  0  2 
381  7.1875000000  3.4375000000  4.6875000000  0  2 
382  7.8125000000  3.4375000000  4.3750000000  0  2 
383  8.4375000000  3.4375000000  4.0625000000  0  2 
384  9.0625000000  3.4375000000  3.7500000000  0  2 
385  9.6875000000  3.4375000000  3.4375000000  0  2 
386  0.3125000000  4.0625000000  2.1875000000  0  2 
387  0.9375000000  4.0625000000  2.5000000000  0  2 
388  1.5625000000  4.0625000000  2.8125000000  0  2 
389  2.1875000000  4.0625000000  3.1250000000  0  2 
390  2.8125000000  4.0625000000  3.4375000000  0  2 
391  3.4375000000  4.0625000000  3.7500000000  0  2 
392  4.0625000000  4.0625000000  4.0625000000  0  2 
393  4.6875000000  4.0625000000  4.3750000000  0  2 
394  5.3125000000  4.0625000000  4.6875000000  0  2 
395  5.9375000000  4.0625000000  5.0000000000  0  2 
396  6.5625000000  4.0625000000  4.6875000000  0  2 
397  7.1875000000  4.0625000000  4.3750000000  0  2 
398  7.8125000000  4.0625000000  4.0625000000  0  2 
399  8.4375000000  4.0625000000  3.7500000000  0  2 
400  9.0625000000  4.0625000000  3.4375000000  0  2 
401  9.6875000000  4.0625000000  3.1250000000  0  2 
402  0.3125000000  4.6875000000  2.5000000000  0  2 
403  0.9375000000  4.6875000000  2.8125000000  0  2 
404  1.5625000000  4.6875000000  3.1250000000  0  2 
405  2.1875000000  4.6875000000  3.4375000000  0  2 
406  2.8125000000  4.6875000000  3.7500000000  0  2 
407  3.4375000000  4.6875000000  4.0625000000  0  2 
408  4.0625000000  4.6875000000  4.3750000000  0  2 
409  4.6875000000  4.6875000000  4.6875000000  0  2 
410  5.3125000000  4.6875000000  5.0000000000  0  2 
411  5.9375000000  4.6875000000  4.6875000000  0  2 
412  6.5625000000  4.6875000000  4.3750000000  0  2 
413  7.1875000000  4.6875000000  4.0625000000  0  2 
414  7.8125000000  4.6875000000  3.7500000000  0  2 
415  8.4375000000  4.6875000000  3.4375000000  0  2 
416  9.0625000000  4.6875000000  3.1250000000  0  2 
417  9.6875000000  4.6875000000  2.8125000000  0  2 
418  0.3125000000  5.3125000000  2.8125000000  0  2 
419  0.9375000000  5.3125000000  3.1250000000  0  2 
420  1.5625000000  5.3125000000  3.4375000000  0  2 
421  2.1875000000  5.3125000000  3.7500000000  0  2 
422  2.8125000000  5.3125000000  4.0625000000  0  2 
423  3.4375000000  5.3125000000  4.3750000000  0  2 
424  4.0625000000  5.3125000000  4.6875000000  0  2 
425  4.6875000000  5.3125000000  5.0000000000  0  2 
426  5.3125000000  5.3125000000  4.6875000000  0  2 
427  5.9375000000  5.3125000000  4.3750000000  0  2 
428  6.5625000000  5.3125000000  4.0625000000  0  2 
429  7.1875000000  5.3125000000  3.7500000000  0  2 
430  7.8125000000  5.3125000000  3.4375000000  0  2 
431  8.4375000000  5.3125000000  3.1250000000  0  2 
432  9.0625000000  5.3125000000  2.8125000000  0  2 
433  9.6875000000  5.3125000000  2.5000000000  0  2 
434  0.3125000000  5.9375000000  3.1250000000  0  2 
435  0.9375000000  5.9375000000  3.4375000000  0  2 
436  1.5625000000  5.9375000000  3.7500000000  0  2 
437  2.1875000000  5.9375000000  4.0625000000  0  2 
438  2.8125000000  5.9375000000  4.3750000000  0  2 
439  3.4375000000  5.9375000000  4.6875000000  0  2 
440  4.0625000000  5.9375000000  5.0000000000  0  2 
441  4.6875000000  5.9375000000  4.6875000000  0  2 
442  5.3125000000  5.9375000000  4.3750000000  0  2 
443  5.9375000000  5.9375000000  4.0625000000  0  2 
444  6.5625000000  5.9375000000  3.7500000000  0  2 
445  7.1875000000  5.9375000000  3.4375000000  0  2 
446  7.8125000000  5.9375000000  3.1250000000  0  2 
447  8.4375000000  5.9375000000  2.8125000000  0  2 
448  9.0625000000  5.9375000000  2.5000000000  0  2 
449  9.6875000000  5.9375000000  2.1875000000  0  2 
450  0.3125000000  6.5625000000  3.4375000000  0  2 
451  0.9375000000  6.5625000000  3.7500000000  0  2 
452  1.5625000000  6.5625000000  4.0625000000  0  2 
453  2.1875000000  6.5625000000  4.3750000000  0  2 
454  2.8125000000  6.5625000000  4.6875000000  0  2 
455  3.4375000000  6.5625000000  5.0000000000  0  2 
456  4.0625000000  6.5625000000  4.6875000000  0  2 
457  4.6875000000  6.5625000000  4.3750000000  0  2 
458  5.3125000000  6.5625000000  4.0625000000  0  2 
459  5.9375000000  6.5625000000  3.7500000000  0  2 
460  6.5625000000  6.5625000000  3.4375000000  0  2 
461  7.1875000000  6.5625000000  3.1250000000  0  2 
462  7.8125000000  6.5625000000  2.8125000000  0  2 
463  8.4375000000  6.5625000000  2.5000000000  0  2 
464  9.0625000000  6.5625000000  2.1875000000  0  2 
465  9.6875000000  6.5625000000  1.8750000000  0  2 
466  0.3125000000  7.1875000000  3.7500000000  0  2 
467  0.9375000000  7.1875000000  4.0625000000  0  2 
468  1.5625000000  7.1875000000  4.3750000000  0  2 
469  2.1875000000  7.1875000000  4.6875000000  0  2 
470  2.8125000000  7.1875000000  5.0000000000  0  2 
471  3.4375000000  7.1875000000  4.6875000000  0  2 
472  4.0625000000  7.1875000000  4.3750000000  0  2 
473  4.6875000000  7.1875000000  4.0625000000  0  2 
474  5.3125000000  7.1875000000  3.7500000000  0  2 
475  5.9375000000  7.1875000000  3.4375000000  0  2 
476  6.5625000000  7.1875000000  3.1250000000  0  2 
477  7.1875000000  7.1875000000  2.8125000000  0  2 
478  7.8125000000  7.1875000000  2.5000000000  0  2 
479  8.4375000000  7.1875000000  2.1875000000  0  2 
480  9.0625000000  7.1875000000  1.8750000000  0  2 
481  9.6875000000  7.1875000000  1.5625000000  0  2 
482  0.3125000000  7.8125000000  4.0625000000  0  2 
483  0.9375000000  7.8125000000  4.3750000000  0  2 
484  1.5625000000  7.8125000000  4.6875000000  0  2 
485  2.1875000000  7.8125000000  5.0000000000  0  2 
486  2.8125000000  7.8125000000  4.6875000000  0  2 
487  3.4375000000  7.8125000000  4.3750000000  0  2 
488  4.0625000000  7.8125000000  4.0625000000  0  2 
489  4.6875000000  7.8125000000  3.7500000000  0  2 
490  5.3125000000  7.8125000000  3.4375000000  0  2 
491  5.9375000000  7.8125000000  3.1250000000  0  2 
492  6.5625000000  7.8125000000  2.8125000000  0  2 
493  7.1875000000  7.8125000000  2.5000000000  0  2 
494  7.8125000000  7.8125000000  2.1875000000  0  2 
495  8.4375000000  7.8125000000  1.8750000000  0  2 
496  9.0625000000  7.8125000000  1.5625000000  0  2 
497  9.6875000000  7.8125000000  1.2500000000  0  2 
498  0.3125000000  8.4375000000  4.3750000000  0  2 
499  0.9375000000  8.4375000000  4.6875000000  0  2 
500  1.5625000000  8.4375000000  5.0000000000  0  2 
501  2.1875000000  8.4375000000  4.6875000000  0  2 
502  2.8125000000  8.4375000000  4.3750000000  0  2 
503  3.4375000000  8.4375000000  4.0625000000  0  2 
504  4.0625000000  8.4375000000  3.7500000000  0  2 
505  4.6875000000  8.4375000000  3.4375000000  0  2 
506  5.3125000000  8.4375000000  3.1250000000  0  2 
507  5.9375000000  8.4375000000  2.8125000000  0  2 
508  6.5625000000  8.4375000000  2.5000000000  0  2 
509  7.1875000000  8.4375000000  2.1875000000  0  2 
510  7.8125000000  8.4375000000  1.8750000000  0  2 
511  8.4375000000  8.4375000000  1.5625000000  0  2 
512  9.0625000000  8.4375000000  1.2500000000  0  2 
513  9.6875000000  8.4375000000  0.9375000000  0  2 
514  0.3125000000  9.0625000000  4.6875000000  0  2 
515  0.9375000000  9.0625000000  5.0000000000  0  2 
516  1.5625000000  9.0625000000  4.6875000000  0  2 
517  2.1875000000  9.0625000000  4.3750000000  0  2 
518  2.8125000000  9.0625000000  4.0625000000  0  2 
519  3.4375000000  9.0625000000  3.7500000000  0  2 
520  4.0625000000  9.0625000000  3.4375000000  0  2 
521  4.6875000000  9.0625000000  3.1250000000  0  2 
522  5.3125000000  9.0625000000  2.8125000000  0  2 
523  5.9375000000  9.0625000000  2.5000000000  0  2 
524  6.5625000000  9.0625000000  2.1875000000  0  2 
525  7.1875000000  9.0625000000  1.8750000000  0  2 
526  7.8125000000  9.0625000000  1.5625000000  0  2 
527  8.4375000000  9.0625000000  1.2500000000  0  2 
528  9.0625000000  9.0625000000  0.9375000000  0  2 
529  9.6875000000  9.0625000000  0.6250000000  0  2 
530  0.3125000000  9.6875000000  5.0000000000  0  2 
531  0.9375000000  9.6875000000  4.6875000000  0  2 
532  1.5625000000  9.6875000000  4.3750000000  0  2 
533  2.1875000000  9.6875000000  4.0625000000  0  2 
534  2.8125000000  9.6875000000  3.7500000000  0  2 
535  3.4375000000  9.6875000000  3.4375000000  0  2 
536  4.0625000000  9.6875000000  3.1250000000  0  2 
537  4.6875000000  9.6875000000  2.8125000000  0  2 
538  5.3125000000  9.6875000000  2.5000000000  0  2 
539  5.9375000000  9.6875000000  2.1875000000  0  2 
540  6.5625000000  9.6875000000  1.8750000000  0  2 
541  7.1875000000  9.6875000000  1.5625000000  0  2 
542  7.8125000000  9.6875000000  1.2500000000  0  2 
543  8.4375000000  9.6875000000  0.9375000000  0  2 
544  9.0625000000  9.6875000000  0.6250000000  0  2 
545  9.6875000000  9.6875000000  0.3125000000  0  2 
##
/MEM_ELEMS_7/
1  1  1  2  290  1  1  1 
2  2  2  290  19  1  1  1 
3  3  290  18  19  1  1  1 
4  4  1  290  18  1  1  1 
5  5  2  3  291  1  1  1 
6  6  3  291  20  1  1  1 
7  7  291  19  20  1  1  1 
8  8  2  291  19  1  1  1 
9  9  3  4  292  1  1  1 
10  10  4  292  21  1  1  1 
11  11  292  20  21  1  1  1 
12  12  3  292  20  1  1  1 
13  13  4  5  293  1  1  1 
14  14  5  293  22  1  1  1 
15  15  293  21  22  1  1  1 
16  16  4  293  21  1  1  1 
17  17  5  6  294  1  1  1 
18  18  6  294  23  1  1  1 
19  19  294  22  23  1  1  1 
20  20  5  294  22  1  1  1 
21  21  6  7  295  1  1  1 
22  22  7  295  24  1  1  1 
23  23  295  23  24  1  1  1 
24  24  6  295  23  1  1  1 
25  25  7  8  296  1  1  1 
26  26  8  296  25  1  1  1 
27  27  296  24  25  1  1  1 
28  28  7  296  24  1  1  1 
29  29  8  9  297  1  1  1 
30  30  9  297  26  1  1  1 
31  31  297  25  26  1  1  1 
32  32  8  297  25  1  1  1 
33  33  9  10  298  1  1  1 
34  34  10  298  27  1  1  1 
35  35  298  26  27  1  1  1 
36  36  9  298  26  1  1  1 
37  37  10  11  299  1  1  1 
38  38  11  299  28  1  1  1 
39  39  299  27  28  1  1  1 
40  40  10  299  27  1  1  1 
41  41  11  12  300  1  1  1 
42  42  12  300  29  1  1  1 
43  43  300  28  29  1  1  1 
44  44  11  300  28  1  1  1 
45  45  12  13  301  1  1  1 
46  46  13  301  30  1  1  1 
47  47  301  29  30  1  1  1 
48  48  12  301  29  1  1  1 
49  49  13  14  302  1  1  1 
50  50  14  302  31  1  1  1 
51  51  302  30  31  1  1  1 
52  52  13  302  30  1  1  1 
53  53  14  15  303  1  1  1 
54  54  15  303  32  1  1  1 
55  55  303  31  32  1  1  1 
56  56  14  303  31  1  1  1 
57  57  15  16  304  1  1  1 
58  58  16  304  33  1  1  1 
59  59  304  32  33  1  1  1 
60  60  15  304  32  1  1  1 
61  61  16  17  305  1  1  1 
62  62  17  305  34  1  1  1 
63  63  305  33  34  1  1  1 
64  64  16  305  33  1  1  1 
65  65  18  19  306  1  1  1 
66  66  19  306  36  1  1  1 
67  67  306  35  36  1  1  1 
68  68  18  306  35  1  1  1 
69  69  19  20  307  1  1  1 
70  70  20  307  37  1  1  1 
71  71  307  36  37  1  1  1 
72  72  19  307  36  1  1  1 
73  73  20  21  308  1  1  1 
74  74  21  308  38  1  1  1 
75  75  308  37  38  1  1  1 
76  76  20  308  37  1  1  1 
77  77  21  22  309  1  1  1 
78  78  22  309  39  1  1  1 
79  79  309  38  39  1  1  1 
80  80  21  309  38  1  1  1 
81  81  22  23  310  1  1  1 
82  82  23  310  40  1  1  1 
83  83  310  39  40  1  1  1 
84  84  22  310  39  1  1  1 
85  85  23  24  311  1  1  1 
86  86  24  311  41  1  1  1 
87  87  311  40  41  1  1  1 
88  88  23  311  40  1  1  1 
89  89  24  25  312  1  1  1 
90  90  25  312  42  1  1  1 
91  91  312  41  42  1  1  1 
92  92  24  312  41  1  1  1 
93  93  25  26  313  1  1  1 
94  94  26  313  43  1  1  1 
95  95  313  42  43  1  1  1 
96  96  25  313  42  1  1  1 
97  97  26  27  314  1  1  1 
98  98  27  314  44  1  1  1 
99  99  314  43  44  1  1  1 
100  100  26  314  43  1  1  1 
101  101  27  28  315  1  1  1 
102  102  28  315  45  1  1  1 
103  103  315  44  45  1  1  1 
104  104  27  315  44  1  1  1 
105  105  28  29  316  1  1  1 
106  106  29  316  46  1  1  1 
107  107  316  45  46  1  1  1 
108  108  28  316  45  1  1  1 
109  109  29  30  317  1  1  1 
110  110  30  317  47  1  1  1 
111  111  317  46  47  1  1  1 
112  112  29  317  46  1  1  1 
113  113  30  31  318  1  1  1 
114  114  31  318  48  1  1  1 
115  115  318  47  48  1  1  1 
116  116  30  318  47  1  1  1 
117  117  31  32  319  1  1  1 
118  118  32  319  49  1  1  1 
119  119  319  48  49  1  1  1 
120  120  31  319  48  1  1  1 
121  121  32  33  320  1  1  1 
122  122  33  320  50  1  1  1 
123  123  320  49  50  1  1  1 
124  124  32  320  49  1  1  1 
125  125  33  34  321  1  1  1 
126  126  34  321  51  1  1  1 
127  127  321  50  51  1  1  1 
128  128  33  321  50  1  1  1 
129  129  35  36  322  1  1  1 
130  130  36  322  53  1  1  1 
131  131  322  52  53  1  1  1 
132  132  35  322  52  1  1  1 
133  133  36  37  323  1  1  1 
134  134  37  323  54  1  1  1 
135  135  323  53  54  1  1  1 
136  136  36  323  53  1  1  1 
137  137  37  38  324  1  1  1 
138  138  38  324  55  1  1  1 
139  139  324  54  55  1  1  1 
140  140  37  324  54  1  1  1 
141  141  38  39  325  1  1  1 
142  142  39  325  56  1  1  1 
143  143  325  55  56  1  1  1 
144  144  38  325  55  1  1  1 
145  145  39  40  326  1  1  1 
146  146  40  326  57  1  1  1 
147  147  326  56  57  1  1  1 
148  148  39  326  56  1  1  1 
149  149  40  41  327  1  1  1 
150  150  41  327  58  1  1  1 
151  151  327  57  58  1  1  1 
152  152  40  327  57  1  1  1 
153  153  41  42  328  1  1  1 
154  154  42  328  59  1  1  1 
155  155  328  58  59  1  1  1 
156  156  41  328  58  1  1  1 
157  157  42  43  329  1  1  1 
158  158  43  329  60  1  1  1 
159  159  329  59  60  1  1  1 
160  160  42  329  59  1  1  1 
161  161  43  44  330  1  1  1 
162  162  44  330  61  1  1  1 
163  163  330  60  61  1  1  1 
164  164  43  330  60  1  1  1 
165  165  44  45  331  1  1  1 
166  166  45  331  62  1  1  1 
167  167  331  61  62  1  1  1 
168  168  44  331  61  1  1  1 
169  169  45  46  332  1  1  1 
170  170  46  332  63  1  1  1 
171  171  332  62  63  1  1  1 
172  172  45  332  62  1  1  1 
173  173  46  47  333  1  1  1 
174  174  47  333  64  1  1  1 
175  175  333  63  64  1  1  1 
176  176  46  333  63  1  1  1 
177  177  47  48  334  1  1  1 
178  178  48  334  65  1  1  1 
179  179  334  64  65  1  1  1 
180  180  47  334  64  1  1  1 
181  181  48  49  335  1  1  1 
182  182  49  335  66  1  1  1 
183  183  335  65  66  1  1  1 
184  184  48  335  65  1  1  1 
185  185  49  50  336  1  1  1 
186  186  50  336  67  1  1  1 
187  187  336  66  67  1  1  1 
188  188  49  336  66  1  1  1 
189  189  50  51  337  1  1  1 
190  190  51  337  68  1  1  1 
191  191  337  67  68  1  1  1 
192  192  50  337  67  1  1  1 
193  193  52  53  338  1  1  1 
194  194  53  338  70  1  1  1 
195  195  338  69  70  1  1  1 
196  196  52  338  69  1  1  1 
197  197  53  54  339  1  1  1 
198  198  54  339  71  1  1  1 
199  199  339  70  71  1  1  1 
200  200  53  339  70  1  1  1 
201  201  54  55  340  1  1  1 
202  202  55  340  72  1  1  1 
203  203  340  71  72  1  1  1 
204  204  54  340  71  1  1  1 
205  205  55  56  341  1  1  1 
206  206  56  341  73  1  1  1 
207  207  341  72  73  1  1  1 
208  208  55  341  72  1  1  1 
209  209  56  57  342  1  1  1 
210  210  57  342  74  1  1  1 
211  211  342  73  74  1  1  1 
212  212  56  342  73  1  1  1 
213  213  57  58  343  1  1  1 
214  214  58  343  75  1  1  1 
215  215  343  74  75  1  1  1 
216  216  57  343  74  1  1  1 
217  217  58  59  344  1  1  1 
218  218  59  344  76  1  1  1 
219  219  344  75  76  1  1  1 
220  220  58  344  75  1  1  1 
221  221  59  60  345  1  1  1 
222  222  60  345  77  1  1  1 
223  223  345  76  77  1  1  1 
224  224  59  345  76  1  1  1 
225  225  60  61  346  1  1  1 
226  226  61  346  78  1  1  1 
227  227  346  77  78  1  1  1 
228  228  60  346  77  1  1  1 
229  229  61  62  347  1  1  1 
230  230  62  347  79  1  1  1 
231  231  347  78  79  1  1  1 
232  232  61  347  78  1  1  1 
233  233  62  63  348  1  1  1 
234  234  63  348  80  1  1  1 
235  235  348  79  80  1  1  1 
236  236  62  348  79  1  1  1 
237  237  63  64  349  1  1  1 
238  238  64  349  81  1  1  1 
239  239  349  80  81  1  1  1 
240  240  63  349  80  1  1  1 
241  241  64  65  350  1  1  1 
242  242  65  350  82  1  1  1 
243  243  350  81  82  1  1  1 
244  244  64  350  81  1  1  1 
245  245  65  66  351  1  1  1 
246  246  66  351  83  1  1  1 
247  247  351  82  83  1  1  1 
248  248  65  351  82  1  1  1 
249  249  66  67  352  1  1  1 
250  250  67  352  84  1  1  1 
251  251  352  83  84  1  1  1 
252  252  66  352  83  1  1  1 
253  253  67  68  353  1  1  1 
254  254  68  353  85  1  1  1 
255  255  353  84  85  1  1  1 
256  256  67  353  84  1  1  1 
257  257  69  70  354  1  1  1 
258  258  70  354  87  1  1  1 
259  259  354  86  87  1  1  1 
260  260  69  354  86  1  1  1 
261  261  70  71  355  1  1  1 
262  262  71  355  88  1  1  1 
263  263  355  87  88  1  1  1 
264  264  70  355  87  1  1  1 
265  265  71  72  356  1  1  1 
266  266  72  356  89  1  1  1 
267  267  356  88  89  1  1  1 
268  268  71  356  88  1  1  1 
269  269  72  73  357  1  1  1 
270  270  73  357  90  1  1  1 
271  271  357  89  90  1  1  1 
272  272  72  357  89  1  1  1 
273  273  73  74  358  1  1  1 
274  274  74  358  91  1  1  1 
275  275  358  90  91  1  1  1 
276  276  73  358  90  1  1  1 
277  277  74  75  359  1  1  1 
278  278  75  359  92  1  1  1 
279  279  359  91  92  1  1  1 
280  280  74  359  91  1  1  1 
281  281  75  76  360  1  1  1 
282  282  76  360  93  1  1  1 
283  283  360  92  93  1  1  1 
284  284  75  360  92  1  1  1 
285  285  76  77  361  1  1  1 
286  286  77  361  94  1  1  1 
287  287  361  93  94  1  1  1 
288  288  76  361  93  1  1  1 
289  289  77  78  362  1  1  1 
290  290  78  362  95  1  1  1 
291  291  362  94  95  1  1  1 
292  292  77  362  94  1  1  1 
293  293  78  79  363  1  1  1 
294  294  79  363  96  1  1  1 
295  295  363  95  96  1  1  1 
296  296  78  363  95  1  1  1 
297  297  79  80  364  1  1  1 
298  298  80  364  97  1  1  1 
299  299  364  96  97  1  1  1 
300  300  79  364  96  1  1  1 
301  301  80  81  365  1  1  1 
302  302  81  365  98  1  1  1 
303  303  365  97  98  1  1  1 
304  304  80  365  97  1  1  1 
305  305  81  82  366  1  1  1 
306  306  82  366  99  1  1  1 
307  307  366  98  99  1  1  1 
308  308  81  366  98  1  1  1 
309  309  82  83  367  1  1  1 
310  310  83  367  100  1  1  1 
311  311  367  99  100  1  1  1 
312  312  82  367  99  1  1  1 
313  313  83  84  368  1  1  1 
314  314  84  368  101  1  1  1 
315  315  368  100  101  1  1  1 
316  316  83  368  100  1  1  1 
317  317  84  85  369  1  1  1 
318  318  85  369  102  1  1  1 
319  319  369  101  102  1  1  1 
320  320  84  369  101  1  1  1 
321  321  86  87  370  1  1  1 
322  322  87  370  104  1  1  1 
323  323  370  103  104  1  1  1 
324  324  86  370  103  1  1  1 
325  325  87  88  371  1  1  1 
326  326  88  371  105  1  1  1 
327  327  371  104  105  1  1  1 
328  328  87  371  104  1  1  1 
329  329  88  89  372  1  1  1 
330  330  89  372  106  1  1  1 
331  331  372  105  106  1  1  1 
332  332  88  372  105  1  1  1 
333  333  89  90  373  1  1  1 
334  334  90  373  107  1  1  1 
335  335  373  106  107  1  1  1 
336  336  89  373  106  1  1  1 
337  337  90  91  374  1  1  1 
338  338  91  374  108  1  1  1 
339  339  374  107  108  1  1  1 
340  340  90  374  107  1  1  1 
341  341  91  92  375  1  1  1 
342  342  92  375  109  1  1  1 
343  343  375  108  109  1  1  1 
344  344  91  375  108  1  1  1 
345  345  92  93  376  1  1  1 
346  346  93  376  110  1  1  1 
347  347  376  109  110  1  1  1 
348  348  92  376  109  1  1  1 
349  349  93  94  377  1  1  1 
350  350  94  377  111  1  1  1 
351  351  377  110  111  1  1  1 
352  352  93  377  110  1  1  1 
353  353  94  95  378  1  1  1 
354  354  95  378  112  1  1  1 
355  355  378  111  112  1  1  1 
356  356  94  378  111  1  1  1 
357  357  95  96  379  1  1  1 
358  358  96  379  113  1  1  1 
359  359  379  112  113  1  1  1 
360  360  95  379  112  1  1  1 
361  361  96  97  380  1  1  1 
362  362  97  380  114  1  1  1 
363  363  380  113  114  1  1  1 
364  364  96  380  113  1  1  1 
365  365  97  98  381  1  1  1 
366  366  98  381  115  1  1  1 
367  367  381  114  115  1  1  1 
368  368  97  381  114  1  1  1 
369  369  98  99  382  1  1  1 
370  370  99  382  116  1  1  1 
371  371  382  115  116  1  1  1 
372  372  98  382  115  1  1  1 
373  373  99  100  383  1  1  1 
374  374  100  383  117  1  1  1 
375  375  383  116  117  1  1  1 
376  376  99  383  116  1  1  1 
377  377  100  101  384  1  1  1 
378  378  101  384  118  1  1  1 
379  379  384  117  118  1  1  1 
380  380  100  384  117  1  1  1 
381  381  101  102  385  1  1  1 
382  382  102  385  119  1  1  1 
383  383  385  118  119  1  1  1 
384  384  101  385  118  1  1  1 
385  385  103  104  386  1  1  1 
386  386  104  386  121  1  1  1 
387  387  386  120  121  1  1  1 
388  388  103  386  120  1  1  1 
389  389  104  105  387  1  1  1 
390  390  105  387  122  1  1  1 
391  391  387  121  122  1  1  1 
392  392  104  387  121  1  1  1 
393  393  105  106  388  1  1  1 
394  394  106  388  123  1  1  1 
395  395  388  122  123  1  1  1 
396  396  105  388  122  1  1  1 
397  397  106  107  389  1  1  1 
398  398  107  389  124  1  1  1 
399  399  389  123  124  1  1  1 
400  400  106  389  123  1  1  1 
401  401  107  108  390  1  1  1 
402  402  108  390  125  1  1  1 
403  403  390  124  125  1  1  1 
404  404  107  390  124  1  1  1 
405  405  108  109  391  1  1  1 
406  406  109  391  126  1  1  1 
407  407  391  125  126  1  1  1 
408  408  108  391  125  1  1  1 
409  409  109  110  392  1  1  1 
410  410  110  392  127  1  1  1 
411  411  392  126  127  1  1  1 
412  412  109  392  126  1  1  1 
413  413  110  111  393  1  1  1 
414  414  111  393  128  1  1  1 
415  415  393  127  128  1  1  1 
416  416  110  393  127  1  1  1 
417  417  111  112  394  1  1  1 
418  418  112  394  129  1  1  1 
419  419  394  128  129  1  1  1 
420  420  111  394  128  1  1  1 
421  421  112  113  395  1  1  1 
422  422  113  395  130  1  1  1 
423  423  395  129  130  1  1  1 
424  424  112  395  129  1  1  1 
425  425  113  114  396  1  1  1 
426  426  114  396  131  1  1  1 
427  427  396  130  131  1  1  1 
428  428  113  396  130  1  1  1 
429  429  114  115  397  1  1  1 
430  430  115  397  132  1  1  1 
431  431  397  131  132  1  1  1 
432  432  114  397  131  1  1  1 
433  433  115  116  398  1  1  1 
434  434  116  398  133  1  1  1 
435  435  398  132  133  1  1  1 
436  436  115  398  132  1  1  1 
437  437  116  117  399  1  1  1 
438  438  117  399  134  1  1  1 
439  439  399  133  134  1  1  1 
440  440  116  399  133  1  1  1 
441  441  117  118  400  1  1  1 
442  442  118  400  135  1  1  1 
443  443  400  134  135  1  1  1 
444  444  117  400  134  1  1  1 
445  445  118  119  401  1  1  1 
446  446  119  401  136  1  1  1 
447  447  401  135  136  1  1  1 
448  448  118  401  135  1  1  1 
449  449  120  121  402  1  1  1 
450  450  121  402  138  1  1  1 
451  451  402  137  138  1  1  1 
452  452  120  402  137  1  1  1 
453  453  121  122  403  1  1  1 
454  454  122  403  139  1  1  1 
455  455  403  138  139  1  1  1 
456  456  121  403  138  1  1  1 
457  457  122  123  404  1  1  1 
458  458  123  404  140  1  1  1 
459  459  404  139  140  1  1  1 
460  460  122  404  139  1  1  1 
461  461  123  124  405  1  1  1 
462  462  124  405  141  1  1  1 
463  463  405  140  141  1  1  1 
464  464  123  405  140  1  1  1 
465  465  124  125  406  1  1  1 
466  466  125  406  142  1  1  1 
467  467  406  141  142  1  1  1 
468  468  124  406  141  1  1  1 
469  469  125  126  407  1  1  1 
470  470  126  407  143  1  1  1 
471  471  407  142  143  1  1  1 
472  472  125  407  142  1  1  1 
473  473  126  127  408  1  1  1 
474  474  127  408  144  1  1  1 
475  475  408  143  144  1  1  1 
476  476  126  408  143  1  1  1 
477  477  127  128  409  1  1  1 
478  478  128  409  145  1  1  1 
479  479  409  144  145  1  1  1 
480  480  127  409  144  1  1  1 
481  481  128  129  410  1  1  1 
482  482  129  410  146  1  1  1 
483  483  410  145  146  1  1  1 
484  484  128  410  145  1  1  1 
485  485  129  130  411  1  1  1 
486  486  130  411  147  1  1  1 
487  487  411  146  147  1  1  1 
488  488  129  411  146  1  1  1 
489  489  130  131  412  1  1  1 
490  490  131  412  148  1  1  1 
491  491  412  147  148  1  1  1 
492  492  130  412  147  1  1  1 
493  493  131  132  413  1  1  1 
494  494  132  413  149  1  1  1 
495  495  413  148  149  1  1  1 
496  496  131  413  148  1  1  1 
497  497  132  133  414  1  1  1 
498  498  133  414  150  1  1  1 
499  499  414  149  150  1  1  1 
500  500  132  414  149  1  1  1 
501  501  133  134  415  1  1  1 
502  502  134  415  151  1  1  1 
503  503  415  150  151  1  1  1 
504  504  133  415  150  1  1  1 
505  505  134  135  416  1  1  1 
506  506  135  416  152  1  1  1 
507  507  416  151  152  1  1  1 
508  508  134  416  151  1  1  1 
509  509  135  136  417  1  1  1 
510  510  136  417  153  1  1  1 
511  511  417  152  153  1  1  1 
512  512  135  417  152  1  1  1 
513  513  137  138  418  1  1  1 
514  514  138  418  155  1  1  1 
515  515  418  154  155  1  1  1 
516  516  137  418  154  1  1  1 
517  517  138  139  419  1  1  1 
518  518  139  419  156  1  1  1 
519  519  419  155  156  1  1  1 
520  520  138  419  155  1  1  1 
521  521  139  140  420  1  1  1 
522  522  140  420  157  1  1  1 
523  523  420  156  157  1  1  1 
524  524  139  420  156  1  1  1 
525  525  140  141  421  1  1  1 
526  526  141  421  158  1  1  1 
527  527  421  157  158  1  1  1 
528  528  140  421  157  1  1  1 
529  529  141  142  422  1  1  1 
530  530  142  422  159  1  1  1 
531  531  422  158  159  1  1  1 
532  532  141  422  158  1  1  1 
533  533  142  143  423  1  1  1 
534  534  143  423  160  1  1  1 
535  535  423  159  160  1  1  1 
536  536  142  423  159  1  1  1 
537  537  143  144  424  1  1  1 
538  538  144  424  161  1  1  1 
539  539  424  160  161  1  1  1 
540  540  143  424  160  1  1  1 
541  541  144  145  425  1  1  1 
542  542  145  425  162  1  1  1 
543  543  425  161  162  1  1  1 
544  544  144  425  161  1  1  1 
545  545  145  146  426  1  1  1 
546  546  146  426  163  1  1  1 
547  547  426  162  163  1  1  1 
548  548  145  426  162  1  1  1 
549  549  146  147  427  1  1  1 
550  550  147  427  164  1  1  1 
551  551  427  163  164  1  1  1 
552  552  146  427  163  1  1  1 
553  553  147  148  428  1  1  1 
554  554  148  428  165  1  1  1 
555  555  428  164  165  1  1  1 
556  556  147  428  164  1  1  1 
557  557  148  149  429  1  1  1 
558  558  149  429  166  1  1  1 
559  559  429  165  166  1  1  1 
560  560  148  429  165  1  1  1 
561  561  149  150  430  1  1  1 
562  562  150  430  167  1  1  1 
563  563  430  166  167  1  1  1 
564  564  149  430  166  1  1  1 
565  565  150  151  431  1  1  1 
566  566  151  431  168  1  1  1 
567  567  431  167  168  1  1  1 
568  568  150  431  167  1  1  1 
569  569  151  152  432  1  1  1 
570  570  152  432  169  1  1  1 
571  571  432  168  169  1  1  1 
572  572  151  432  168  1  1  1 
573  573  152  153  433  1  1  1 
574  574  153  433  170  1  1  1 
575  575  433  169  170  1  1  1 
576  576  152  433  169  1  1  1 
577  577  154  155  434  1  1  1 
578  578  155  434  172  1  1  1 
579  579  434  171  172  1  1  1 
580  580  154  434  171  1  1  1 
581  581  155  156  435  1  1  1 
582  582  156  435  173  1  1  1 
583  583  435  172  173  1  1  1 
584  584  155  435  172  1  1  1 
585  585  156  157  436  1  1  1 
586  586  157  436  174  1  1  1 
587  587  436  173  174  1  1  1 
588  588  156  436  173  1  1  1 
589  589  157  158  437  1  1  1 
590  590  158  437  175  1  1  1 
591  591  437  174  175  1  1  1 
592  592  157  437  174  1  1  1 
593  593  158  159  438  1  1  1 
594  594  159  438  176  1  1  1 
595  595  438  175  176  1  1  1 
596  596  158  438  175  1  1  1 
597  597  159  160  439  1  1  1 
598  598  160  439  177  1  1  1 
599  599  439  176  177  1  1  1 
600  600  159  439  176  1  1  1 
601  601  160  161  440  1  1  1 
602  602  161  440  178  1  1  1 
603  603  440  177  178  1  1  1 
604  604  160  440  177  1  1  1 
605  605  161  162  441  1  1  1 
606  606  162  441  179  1  1  1 
607  607  441  178  179  1  1  1 
608  608  161  441  178  1  1  1 
609  609  162  163  442  1  1  1 
610  610  163  442  180  1  1  1 
611  611  442  179  180  1  1  1 
612  612  162  442  179  1  1  1 
613  613  163  164  443  1  1  1 
614  614  164  443  181  1  1  1 
615  615  443  180  181  1  1  1 
616  616  163  443  180  1  1  1 
617  617  164  165  444  1  1  1 
618  618  165  444  182  1  1  1 
619  619  444  181  182  1  1  1 
620  620  164  444  181  1  1  1 
621  621  165  166  445  1  1  1 
622  622  166  445  183  1  1  1 
623  623  445  182  183  1  1  1 
624  624  165  445  182  1  1  1 
625  625  166  167  446  1  1  1 
626  626  167  446  184  1  1  1 
627  627  446  183  184  1  1  1 
628  628  166  446  183  1  1  1 
629  629  167  168  447  1  1  1 
630  630  168  447  185  1  1  1 
631  631  447  184  185  1  1  1 
632  632  167  447  184  1  1  1 
633  633  168  169  448  1  1  1 
634  634  169  448  186  1  1  1 
635  635  448  185  186  1  1  1 
636  636  168  448  185  1  1  1 
637  637  169  170  449  1  1  1 
638  638  170  449  187  1  1  1 
639  639  449  186  187  1  1  1 
640  640  169  449  186  1  1  1 
641  641  171  172  450  1  1  1 
642  642  172  450  189  1  1  1 
643  643  450  188  189  1  1  1 
644  644  171  450  188  1  1  1 
645  645  172  173  451  1  1  1 
646  646  173  451  190  1  1  1 
647  647  451  189  190  1  1  1 
648  648  172  451  189  1  1  1 
649  649  173  174  452  1  1  1 
650  650  174  452  191  1  1  1 
651  651  452  190  191  1  1  1 
652  652  173  452  190  1  1  1 
653  653  174  175  453  1  1  1 
654  654  175  453  192  1  1  1 
655  655  453  191  192  1  1  1 
656  656  174  453  191  1  1  1 
657  657  175  176  454  1  1  1 
658  658  176  454  193  1  1  1 
659  659  454  192  193  1  1  1 
660  660  175  454  192  1  1  1 
661  661  176  177  455  1  1  1 
662  662  177  455  194  1  1  1 
663  663  455  193  194  1  1  1 
664  664  176  455  193  1  1  1 
665  665  177  178  456  1  1  1 
666  666  178  456  195  1  1  1 
667  667  456  194  195  1  1  1 
668  668  177  456  194  1  1  1 
669  669  178  179  457  1  1  1 
670  670  179  457  196  1  1  1 
671  671  457  195  196  1  1  1 
672  672  178  457  195  1  1  1 
673  673  179  180  458  1  1  1 
674  674  180  458  197  1  1  1 
675  675  458  196  197  1  1  1 
676  676  179  458  196  1  1  1 
677  677  180  181  459  1  1  1 
678  678  181  459  198  1  1  1 
679  679  459  197  198  1  1  1 
680  680  180  459  197  1  1  1 
681  681  181  182  460  1  1  1 
682  682  182  460  199  1  1  1 
683  683  460  198  199  1  1  1 
684  684  181  460  198  1  1  1 
685  685  182  183  461  1  1  1 
686  686  183  461  200  1  1  1 
687  687  461  199  200  1  1  1 
688  688  182  461  199  1  1  1 
689  689  183  184  462  1  1  1 
690  690  184  462  201  1  1  1 
691  691  462  200  201  1  1  1 
692  692  183  462  200  1  1  1 
693  693  184  185  463  1  1  1 
694  694  185  463  202  1  1  1 
695  695  463  201  202  1  1  1 
696  696  184  463  201  1  1  1 
697  697  185  186  464  1  1  1 
698  698  186  464  203  1  1  1 
699  699  464  202  203  1  1  1 
700  700  185  464  202  1  1  1 
701  701  186  187  465  1  1  1 
702  702  187  465  204  1  1  1 
703  703  465  203  204  1  1  1 
704  704  186  465  203  1  1  1 
705  705  188  189  466  1  1  1 
706  706  189  466  206  1  1  1 
707  707  466  205  206  1  1  1 
708  708  188  466  205  1  1  1 
709  709  189  190  467  1  1  1 
710  710  190  467  207  1  1  1 
711  711  467  206  207  1  1  1 
712  712  189  467  206  1  1  1 
713  713  190  191  468  1  1  1 
714  714  191  468  208  1  1  1 
715  715  468  207  208  1  1  1 
716  716  190  468  207  1  1  1 
717  717  191  192  469  1  1  1 
718  718  192  469  209  1  1  1 
719  719  469  208  209  1  1  1 
720  720  191  469  208  1  1  1 
721  721  192  193  470  1  1  1 
722  722  193  470  210  1  1  1 
723  723  470  209  210  1  1  1 
724  724  192  470  209  1  1  1 
725  725  193  194  471  1  1  1 
726  726  194  471  211  1  1  1 
727  727  471  210  211  1  1  1 
728  728  193  471  210  1  1  1 
729  729  194  195  472  1  1  1 
730  730  195  472  212  1  1  1 
731  731  472  211  212  1  1  1 
732  732  194  472  211  1  1  1 
733  733  195  196  473  1  1  1 
734  734  196  473  213  1  1  1 
735  735  473  212  213  1  1  1 
736  736  195  473  212  1  1  1 
737  737  196  197  474  1  1  1 
738  738  197  474  214  1  1  1 
739  739  474  213  214  1  1  1 
740  740  196  474  213  1  1  1 
741  741  197  198  475  1  1  1 
742  742  198  475  215  1  1  1 
743  743  475  214  215  1  1  1 
744  744  197  475  214  1  1  1 
745  745  198  199  476  1  1  1 
746  746  199  476  216  1  1  1 
747  747  476  215  216  1  1  1 
748  748  198  476  215  1  1  1 
749  749  199  200  477  1  1  1 
750  750  200  477  217  1  1  1 
751  751  477  216  217  1  1  1 
752  752  199  477  216  1  1  1 
753  753  200  201  478  1  1  1 
754  754  201  478  218  1  1  1 
755  755  478  217  218  1  1  1 
756  756  200  478  217  1  1  1 
757  757  201  202  479  1  1  1 
758  758  202  479  219  1  1  1 
759  759  479  218  219  1  1  1 
760  760  201  479  218  1  1  1 
761  761  202  203  480  1  1  1 
762  762  203  480  220  1  1  1 
763  763  480  219  220  1  1  1 
764  764  202  480  219  1  1  1 
765  765  203  204  481  1  1  1 
766  766  204  481  221  1  1  1 
767  767  481  220  221  1  1  1 
768  768  203  481  220  1  1  1 
769  769  205  206  482  1  1  1 
770  770  206  482  223  1  1  1 
771  771  482  222  223  1  1  1 
772  772  205  482  222  1  1  1 
773  773  206  207  483  1  1  1 
774  774  207  483  224  1  1  1 
775  775  483  223  224  1  1  1 
776  776  206  483  223  1  1  1 
777  777  207  208  484  1  1  1 
778  778  208  484  225  1  1  1 
779  779  484  224  225  1  1  1 
780  780  207  484  224  1  1  1 
781  781  208  209  485  1  1  1 
782  782  209  485  226  1  1  1 
783  783  485  225  226  1  1  1 
784  784  208  485  225  1  1  1 
785  785  209  210  486  1  1  1 
786  786  210  486  227  1  1  1 
787  787  486  226  227  1  1  1 
788  788  209  486  226  1  1  1 
789  789  210  211  487  1  1  1 
790  790  211  487  228  1  1  1 
791  791  487  227  228  1  1  1 
792  792  210  487  227  1  1  1 
793  793  211  212  488  1  1  1 
794  794  212  488  229  1  1  1 
795  795  488  228  229  1  1  1 
796  796  211  488  228  1  1  1 
797  797  212  213  489  1  1  1 
798  798  213  489  230  1  1  1 
799  799  489  229  230  1  1  1 
800  800  212  489  229  1  1  1 
801  801  213  214  490  1  1  1 
802  802  214  490  231  1  1  1 
803  803  490  230  231  1  1  1 
804  804  213  490  230  1  1  1 
805  805  214  215  491  1  1  1 
806  806  215  491  232  1  1  1 
807  807  491  231  232  1  1  1 
808  808  214  491  231  1  1  1 
809  809  215  216  492  1  1  1 
810  810  216  492  233  1  1  1 
811  811  492  232  233  1  1  1 
812  812  215  492  232  1  1  1 
813  813  216  217  493  1  1  1 
814  814  217  493  234  1  1  1 
815  815  493  233  234  1  1  1 
816  816  216  493  233  1  1  1 
817  817  217  218  494  1  1  1 
818  818  218  494  235  1  1  1 
819  819  494  234  235  1  1  1 
820  820  217  494  234  1  1  1 
821  821  218  219  495  1  1  1 
822  822  219  495  236  1  1  1 
823  823  495  235  236  1  1  1 
824  824  218  495  235  1  1  1 
825  825  219  220  496  1  1  1 
826  826  220  496  237  1  1  1 
827  827  496  236  237  1  1  1 
828  828  219  496  236  1  1  1 
829  829  220  221  497  1  1  1 
830  830  221  497  238  1  1  1 
831  831  497  237  238  1  1  1 
832  832  220  497  237  1  1  1 
833  833  222  223  498  1  1  1 
834  834  223  498  240  1  1  1 
835  835  498  239  240  1  1  1 
836  836  222  498  239  1  1  1 
837  837  223  224  499  1  1  1 
838  838  224  499  241  1  1  1 
839  839  499  240  241  1  1  1 
840  840  223  499  240  1  1  1 
841  841  224  225  500  1  1  1 
842  842  225  500  242  1  1  1 
843  843  500  241  242  1  1  1 
844  844  224  500  241  1  1  1 
845  845  225  226  501  1  1  1 
846  846  226  501  243  1  1  1 
847  847  501  242  243  1  1  1 
848  848  225  501  242  1  1  1 
849  849  226  227  502  1  1  1 
850  850  227  502  244  1  1  1 
851  851  502  243  244  1  1  1 
852  852  226  502  243  1  1  1 
853  853  227  228  503  1  1  1 
854  854  228  503  245  1  1  1 
855  855  503  244  245  1  1  1 
856  856  227  503  244  1  1  1 
857  857  228  229  504  1  1  1 
858  858  229  504  246  1  1  1 
859  859  504  245  246  1  1  1 
860  860  228  504  245  1  1  1 
861  861  229  230  505  1  1  1 
862  862  230  505  247  1  1  1 
863  863  505  246  247  1  1  1 
864  864  229  505  246  1  1  1 
865  865  230  231  506  1  1  1 
866  866  231  506  248  1  1  1 
867  867  506  247  248  1  1  1 
868  868  230  506  247  1  1  1 
869  869  231  232  507  1  1  1 
870  870  232  507  249  1  1  1 
871  871  507  248  249  1  1  1 
872  872  231  507  248  1  1  1 
873  873  232  233  508  1  1  1 
874  874  233  508  250  1  1  1 
875  875  508  249  250  1  1  1 
876  876  232  508  249  1  1  1 
877  877  233  234  509  1  1  1 
878  878  234  509  251  1  1  1 
879  879  509  250  251  1  1  1 
880  880  233  509  250  1  1  1 
881  881  234  235  510  1  1  1 
882  882  235  510  252  1  1  1 
883  883  510  251  252  1  1  1 
884  884  234  510  251  1  1  1 
885  885  235  236  511  1  1  1 
886  886  236  511  253  1  1  1 
887  887  511  252  253  1  1  1 
888  888  235  511  252  1  1  1 
889  889  236  237  512  1  1  1 
890  890  237  512  254  1  1  1 
891  891  512  253  254  1  1  1 
892  892  236  512  253  1  1  1 
893  893  237  238  513  1  1  1 
894  894  238  513  255  1  1  1 
895  895  513  254  255  1  1  1 
896  896  237  513  254  1  1  1 
897  897  239  240  514  1  1  1 
898  898  240  514  257  1  1  1 
899  899  514  256  257  1  1  1 
900  900  239  514  256  1  1  1 
901  901  240  241  515  1  1  1 
902  902  241  515  258  1  1  1 
903  903  515  257  258  1  1  1 
904  904  240  515  257  1  1  1 
905  905  241  242  516  1  1  1 
906  906  242  516  259  1  1  1 
907  907  516  258  259  1  1  1 
908  908  241  516  258  1  1  1 
909  909  242  243  517  1  1  1 
910  910  243  517  260  1  1  1 
911  911  517  259  260  1  1  1 
912  912  242  517  259  1  1  1 
913  913  243  244  518  1  1  1 
914  914  244  518  261  1  1  1 
915  915  518  260  261  1  1  1 
916  916  243  518  260  1  1  1 
917  917  244  245  519  1  1  1 
918  918  245  519  262  1  1  1 
919  919  519  261  262  1  1  1 
920  920  244  519  261  1  1  1 
921  921  245  246  520  1  1  1 
922  922  246  520  263  1  1  1 
923  923  520  262  263  1  1  1 
924  924  245  520  262  1  1  1 
925  925  246  247  521  1  1  1 
926  926  247  521  264  1  1  1 
927  927  521  263  264  1  1  1 
928  928  246  521  263  1  1  1 
929  929  247  248  522  1  1  1 
930  930  248  522  265  1  1  1 
931  931  522  264  265  1  1  1 
932  932  247  522  264  1  1  1 
933  933  248  249  523  1  1  1 
934  934  249  523  266  1  1  1 
935  935  523  265  266  1  1  1 
936  936  248  523  265  1  1  1 
937  937  249  250  524  1  1  1 
938  938  250  524  267  1  1  1 
939  939  524  266  267  1  1  1 
940  940  249  524  266  1  1  1 
941  941  250  251  525  1  1  1 
942  942  251  525  268  1  1  1 
943  943  525  267  268  1  1  1 
944  944  250  525  267  1  1  1 
945  945  251  252  526  1  1  1 
946  946  252  526  269  1  1  1 
947  947  526  268  269  1  1  1 
948  948  251  526  268  1  1  1 
949  949  252  253  527  1  1  1 
950  950  253  527  270  1  1  1 
951  951  527  269  270  1  1  1 
952  952  252  527  269  1  1  1 
953  953  253  254  528  1  1  1 
954  954  254  528  271  1  1  1 
955  955  528  270  271  1  1  1 
956  956  253  528  270  1  1  1 
957  957  254  255  529  1  1  1 
958  958  255  529  272  1  1  1 
959  959  529  271  272  1  1  1 
960  960  254  529  271  1  1  1 
961  961  256  257  530  1  1  1 
962  962  257  530  274  1  1  1 
963  963  530  273  274  1  1  1 
964  964  256  530  273  1  1  1 
965  965  257  258  531  1  1  1 
966  966  258  531  275  1  1  1 
967  967  531  274  275  1  1  1 
968  968  257  531  274  1  1  1 
969  969  258  259  532  1  1  1 
970  970  259  532  276  1  1  1 
971  971  532  275  276  1  1  1 
972  972  258  532  275  1  1  1 
973  973  259  260  533  1  1  1 
974  974  260  533  277  1  1  1 
975  975  533  276  277  1  1  1 
976  976  259  533  276  1  1  1 
977  977  260  261  534  1  1  1 
978  978  261  534  278  1  1  1 
979  979  534  277  278  1  1  1 
980  980  260  534  277  1  1  1 
981  981  261  262  535  1  1  1 
982  982  262  535  279  1  1  1 
983  983  535  278  279  1  1  1 
984  984  261  535  278  1  1  1 
985  985  262  263  536  1  1  1 
986  986  263  536  280  1  1  1 
987  987  536  279  280  1  1  1 
988  988  262  536  279  1  1  1 
989  989  263  264  537  1  1  1 
990  990  264  537  281  1  1  1 
991  991  537  280  281  1  1  1 
992  992  263  537  280  1  1  1 
993  993  264  265  538  1  1  1 
994  994  265  538  282  1  1  1 
995  995  538  281  282  1  1  1 
996  996  264  538  281  1  1  1 
997  997  265  266  539  1  1  1 
998  998  266  539  283  1  1  1 
999  999  539  282  283  1  1  1 
1000  1000  265  539  282  1  1  1 
1001  1001  266  267  540  1  1  1 
1002  1002  267  540  284  1  1  1 
1003  1003  540  283  284  1  1  1 
1004  1004  266  540  283  1  1  1 
1005  1005  267  268  541  1  1  1 
1006  1006  268  541  285  1  1  1 
1007  1007  541  284  285  1  1  1 
1008  1008  267  541  284  1  1  1 
1009  1009  268  269  542  1  1  1 
1010  1010  269  542  286  1  1  1 
1011  1011  542  285  286  1  1  1 
1012  1012  268  542  285  1  1  1 
1013  1013  269  270  543  1  1  1 
1014  1014  270  543  287  1  1  1 
1015  1015  543  286  287  1  1  1 
1016  1016  269  543  286  1  1  1 
1017  1017  270  271  544  1  1  1 
1018  1018  271  544  288  1  1  1 
1019  1019  544  287  288  1  1  1 
1020  1020  270  544  287  1  1  1 
1021  1021  271  272  545  1  1  1 
1022  1022  272  545  289  1  1  1 
1023  1023  545  288  289  1  1  1 
1024  1024  271  545  288  1  1  1 
##
/CABLE_ELEMS_7/
1  1  1  18  2  2  2 
1  1  1  2  2  2  2 
1  1  17  34  2  2  2 
1  1  273  274  2  2  2 
1  1  18  35  2  2  2 
1  1  2  3  2  2  2 
1  1  34  51  2  2  2 
1  1  274  275  2  2  2 
1  1  35  52  2  2  2 
1  1  3  4  2  2  2 
1  1  51  68  2  2  2 
1  1  275  276  2  2  2 
1  1  52  69  2  2  2 
1  1  4  5  2  2  2 
1  1  68  85  2  2  2 
1  1  276  277  2  2  2 
1  1  69  86  2  2  2 
1  1  5  6  2  2  2 
1  1  85  102  2  2  2 
1  1  277  278  2  2  2 
1  1  86  103  2  2  2 
1  1  6  7  2  2  2 
1  1  102  119  2  2  2 
1  1  278  279  2  2  2 
1  1  103  120  2  2  2 
1  1  7  8  2  2  2 
1  1  119  136  2  2  2 
1  1  279  280  2  2  2 
1  1  120  137  2  2  2 
1  1  8  9  2  2  2 
1  1  136  153  2  2  2 
1  1  280  281  2  2  2 
1  1  137  154  2  2  2 
1  1  9  10  2  2  2 
1  1  153  170  2  2  2 
1  1  281  282  2  2  2 
1  1  154  171  2  2  2 
1  1  10  11  2  2  2 
1  1  170  187  2  2  2 
1  1  282  283  2  2  2 
1  1  171  188  2  2  2 
1  1  11  12  2  2  2 
1  1  187  204  2  2  2 
1  1  283  284  2  2  2 
1  1  188  205  2  2  2 
1  1  12  13  2  2  2 
1  1  204  221  2  2  2 
1  1  284  285  2  2  2 
1  1  205  222  2  2  2 
1  1  13  14  2  2  2 
1  1  221  238  2  2  2 
1  1  285  286  2  2  2 
1  1  222  239  2  2  2 
1  1  14  15  2  2  2 
1  1  238  255  2  2  2 
1  1  286  287  2  2  2 
1  1  239  256  2  2  2 
1  1  15  16  2  2  2 
1  1  255  272  2  2  2 
1  1  287  288  2  2  2 
1  1  256  273  2  2  2 
1  1  16  17  2  2  2 
1  1  272  289  2  2  2 
1  1  288  289  2  2  2 
##
/SUPPORT INFORMATION/
1  1  2  2  2  0  0  0 
1  17  2  2  2  0  0  0 
1  273  2  2  2  0  0  0 
1  289  2  2  2  0  0  0 
##
/END/
